\BOOKMARK [0][-]{chapter.1}{\376\377\0001\000\040\124\175\124\015\172\172\225\364\175\042\137\025}{}% 1
\BOOKMARK [1][-]{section.1.1}{\376\377\0001\000.\0001\000\040\124\175\124\015\172\172\225\364\122\027\210\150}{chapter.1}% 2
\BOOKMARK [0][-]{chapter.2}{\376\377\0002\000\040\174\173\175\042\137\025}{}% 3
\BOOKMARK [1][-]{section.2.1}{\376\377\0002\000.\0001\000\040\174\173\122\027\210\150}{chapter.2}% 4
\BOOKMARK [0][-]{chapter.3}{\376\377\0003\000\040\145\207\116\366\175\042\137\025}{}% 5
\BOOKMARK [1][-]{section.3.1}{\376\377\0003\000.\0001\000\040\145\207\116\366\122\027\210\150}{chapter.3}% 6
\BOOKMARK [0][-]{chapter.4}{\376\377\0004\000\040\000P\000l\000a\000n\000n\000i\000n\000g}{}% 7
\BOOKMARK [1][-]{section.4.1}{\376\377\0004\000.\0001\000\040\000g\000e\000o\000m\000e\000t\000r\000y\000\040\122\237\200\375\152\041\127\127}{chapter.4}% 8
\BOOKMARK [2][-]{subsection.4.1.1}{\376\377\0004\000.\0001\000.\0001\000\040\000c\000r\000o\000s\000s\000\050\000\051}{section.4.1}% 9
\BOOKMARK [2][-]{subsection.4.1.2}{\376\377\0004\000.\0001\000.\0002\000\040\000i\000n\000O\000r\000O\000u\000t\000P\000o\000l\000y\000g\000o\000n\000\050\000\051}{section.4.1}% 10
\BOOKMARK [2][-]{subsection.4.1.3}{\376\377\0004\000.\0001\000.\0003\000\040\000i\000s\000I\000n\000S\000i\000m\000p\000l\000e\000\050\000\051}{section.4.1}% 11
\BOOKMARK [2][-]{subsection.4.1.4}{\376\377\0004\000.\0001\000.\0004\000\040\000i\000s\000L\000i\000n\000e\000I\000n\000t\000e\000r\000s\000e\000c\000t\000i\000o\000n\000\050\000\051}{section.4.1}% 12
\BOOKMARK [2][-]{subsection.4.1.5}{\376\377\0004\000.\0001\000.\0005\000\040\000i\000s\000O\000n\000l\000i\000n\000e\000\050\000\051}{section.4.1}% 13
\BOOKMARK [2][-]{subsection.4.1.6}{\376\377\0004\000.\0001\000.\0006\000\040\000i\000s\000P\000o\000i\000n\000t\000I\000n\000P\000o\000l\000y\000g\000o\000n\000\050\000\051}{section.4.1}% 14
\BOOKMARK [2][-]{subsection.4.1.7}{\376\377\0004\000.\0001\000.\0007\000\040\000i\000s\000P\000o\000l\000y\000g\000o\000n\000s\000I\000n\000t\000e\000r\000s\000e\000c\000t\000i\000o\000n\000\050\000\051}{section.4.1}% 15
\BOOKMARK [2][-]{subsection.4.1.8}{\376\377\0004\000.\0001\000.\0008\000\040\000p\000o\000i\000n\000t\000T\000o\000L\000i\000n\000e\000\050\000\051}{section.4.1}% 16
\BOOKMARK [2][-]{subsection.4.1.9}{\376\377\0004\000.\0001\000.\0009\000\040\000p\000o\000i\000n\000t\000T\000o\000P\000o\000l\000y\000g\000o\000n\000\050\000\051}{section.4.1}% 17
\BOOKMARK [1][-]{section.4.2}{\376\377\0004\000.\0002\000\040\000G\000o\000l\000b\000a\000l\000P\000l\000a\000n\000n\000i\000n\000g\000\040\122\237\200\375\152\041\127\127}{chapter.4}% 18
\BOOKMARK [2][-]{subsection.4.2.1}{\376\377\0004\000.\0002\000.\0001\000\040\000A\000s\000t\000a\000r\000C\000a\000l\000c\000F\000\050\000\051}{section.4.2}% 19
\BOOKMARK [2][-]{subsection.4.2.2}{\376\377\0004\000.\0002\000.\0002\000\040\000A\000s\000t\000a\000r\000C\000a\000l\000c\000G\000\050\000\051}{section.4.2}% 20
\BOOKMARK [2][-]{subsection.4.2.3}{\376\377\0004\000.\0002\000.\0003\000\040\000A\000s\000t\000a\000r\000C\000a\000l\000c\000H\000\050\000\051}{section.4.2}% 21
\BOOKMARK [2][-]{subsection.4.2.4}{\376\377\0004\000.\0002\000.\0004\000\040\000A\000s\000t\000a\000r\000F\000i\000n\000d\000L\000a\000n\000e\000\050\000\051}{section.4.2}% 22
\BOOKMARK [2][-]{subsection.4.2.5}{\376\377\0004\000.\0002\000.\0005\000\040\000A\000s\000t\000a\000r\000F\000i\000n\000d\000L\000a\000n\000e\000R\000\050\000\051}{section.4.2}% 23
\BOOKMARK [2][-]{subsection.4.2.6}{\376\377\0004\000.\0002\000.\0006\000\040\000A\000s\000t\000a\000r\000F\000i\000n\000d\000P\000a\000t\000h\000\050\000\051}{section.4.2}% 24
\BOOKMARK [2][-]{subsection.4.2.7}{\376\377\0004\000.\0002\000.\0007\000\040\000A\000s\000t\000a\000r\000G\000e\000t\000L\000e\000a\000s\000t\000F\000\050\000\051}{section.4.2}% 25
\BOOKMARK [2][-]{subsection.4.2.8}{\376\377\0004\000.\0002\000.\0008\000\040\000A\000s\000t\000a\000r\000G\000e\000t\000N\000e\000x\000t\000R\000o\000a\000d\000\050\000\051}{section.4.2}% 26
\BOOKMARK [2][-]{subsection.4.2.9}{\376\377\0004\000.\0002\000.\0009\000\040\000A\000s\000t\000a\000r\000G\000e\000t\000P\000a\000t\000h\000\050\000\051}{section.4.2}% 27
\BOOKMARK [2][-]{subsection.4.2.10}{\376\377\0004\000.\0002\000.\0001\0000\000\040\000A\000s\000t\000a\000r\000I\000n\000i\000t\000L\000i\000n\000k\000\050\000\051}{section.4.2}% 28
\BOOKMARK [2][-]{subsection.4.2.11}{\376\377\0004\000.\0002\000.\0001\0001\000\040\000A\000s\000t\000a\000r\000I\000n\000i\000t\000R\000o\000a\000d\000\050\000\051}{section.4.2}% 29
\BOOKMARK [2][-]{subsection.4.2.12}{\376\377\0004\000.\0002\000.\0001\0002\000\040\000A\000s\000t\000a\000r\000M\000a\000p\000T\000o\000A\000s\000t\000a\000r\000\050\000\051}{section.4.2}% 30
\BOOKMARK [2][-]{subsection.4.2.13}{\376\377\0004\000.\0002\000.\0001\0003\000\040\000A\000s\000t\000a\000r\000M\000o\000d\000u\000l\000e\000S\000e\000l\000f\000C\000h\000e\000c\000k\000\050\000\051}{section.4.2}% 31
\BOOKMARK [2][-]{subsection.4.2.14}{\376\377\0004\000.\0002\000.\0001\0004\000\040\000A\000s\000t\000a\000r\000M\000o\000d\000u\000l\000e\000S\000e\000l\000f\000C\000h\000e\000c\000k\000P\000r\000i\000n\000t\000\050\000\051}{section.4.2}% 32
\BOOKMARK [2][-]{subsection.4.2.15}{\376\377\0004\000.\0002\000.\0001\0005\000\040\000A\000s\000t\000a\000r\000R\000e\000c\000u\000r\000s\000i\000v\000e\000F\000i\000n\000d\000L\000a\000n\000e\000\050\000\051}{section.4.2}% 33
\BOOKMARK [2][-]{subsection.4.2.16}{\376\377\0004\000.\0002\000.\0001\0006\000\040\000A\000s\000t\000a\000r\000R\000e\000s\000e\000t\000\050\000\051}{section.4.2}% 34
\BOOKMARK [1][-]{section.4.3}{\376\377\0004\000.\0003\000\040\000i\000n\000t\000e\000r\000p\000\137\000m\000\040\122\237\200\375\152\041\127\127}{chapter.4}% 35
\BOOKMARK [2][-]{subsection.4.3.1}{\376\377\0004\000.\0003\000.\0001\000\040\000c\000o\000n\000s\000t\000a\000n\000t\000\137\000a\000c\000c\000e\000l\000e\000r\000a\000t\000i\000o\000n\000\050\000\051}{section.4.3}% 36
\BOOKMARK [2][-]{subsection.4.3.2}{\376\377\0004\000.\0003\000.\0002\000\040\000l\000i\000n\000e\000a\000r\000\050\000\051}{section.4.3}% 37
\BOOKMARK [1][-]{section.4.4}{\376\377\0004\000.\0004\000\040\000L\000o\000c\000a\000l\000P\000l\000a\000n\000n\000i\000n\000g\000\040\124\175\124\015\172\172\225\364\123\302\200\003}{chapter.4}% 38
\BOOKMARK [2][-]{subsection.4.4.1}{\376\377\0004\000.\0004\000.\0001\000\040\000a\000b\000l\000e\000T\000o\000P\000a\000s\000s\000Y\000e\000l\000l\000o\000w\000L\000i\000g\000h\000t\000\050\000\051}{section.4.4}% 39
\BOOKMARK [2][-]{subsection.4.4.2}{\376\377\0004\000.\0004\000.\0002\000\040\000a\000n\000g\000l\000e\000R\000e\000g\000u\000l\000a\000t\000e\000\050\000\051}{section.4.4}% 40
\BOOKMARK [2][-]{subsection.4.4.3}{\376\377\0004\000.\0004\000.\0003\000\040\000a\000s\000s\000e\000s\000s\000T\000r\000a\000j\000e\000c\000t\000o\000r\000y\000\050\000\051}{section.4.4}% 41
\BOOKMARK [2][-]{subsection.4.4.4}{\376\377\0004\000.\0004\000.\0004\000\040\000b\000o\000u\000n\000d\000a\000r\000y\000C\000o\000l\000l\000i\000s\000i\000o\000n\000C\000h\000e\000c\000k\000\050\000\051}{section.4.4}% 42
\BOOKMARK [2][-]{subsection.4.4.5}{\376\377\0004\000.\0004\000.\0005\000\040\000c\000a\000l\000c\000u\000l\000a\000t\000e\000C\000u\000r\000v\000a\000t\000u\000r\000e\000\050\000\051}{section.4.4}% 43
\BOOKMARK [2][-]{subsection.4.4.6}{\376\377\0004\000.\0004\000.\0006\000\040\000c\000h\000a\000n\000g\000e\000C\000u\000r\000r\000e\000n\000t\000P\000o\000i\000n\000t\000\050\000\051}{section.4.4}% 44
\BOOKMARK [2][-]{subsection.4.4.7}{\376\377\0004\000.\0004\000.\0007\000\040\000c\000h\000a\000n\000g\000e\000L\000o\000c\000a\000l\000T\000o\000G\000l\000o\000b\000a\000l\000\050\000\051}{section.4.4}% 45
\BOOKMARK [2][-]{subsection.4.4.8}{\376\377\0004\000.\0004\000.\0008\000\040\000c\000l\000e\000a\000r\000P\000a\000t\000h\000L\000i\000s\000t\000\050\000\051}{section.4.4}% 46
\BOOKMARK [2][-]{subsection.4.4.9}{\376\377\0004\000.\0004\000.\0009\000\040\000c\000o\000o\000r\000d\000T\000r\000a\000n\0002\000D\000\050\000\051}{section.4.4}% 47
\BOOKMARK [2][-]{subsection.4.4.10}{\376\377\0004\000.\0004\000.\0001\0000\000\040\000c\000o\000u\000r\000s\000e\000A\000n\000g\000l\000e\000R\000e\000v\000i\000s\000e\000\050\000\051}{section.4.4}% 48
\BOOKMARK [2][-]{subsection.4.4.11}{\376\377\0004\000.\0004\000.\0001\0001\000\040\000c\000r\000u\000i\000s\000e\000C\000o\000n\000t\000r\000o\000l\000l\000e\000r\000\050\000\051}{section.4.4}% 49
\BOOKMARK [2][-]{subsection.4.4.12}{\376\377\0004\000.\0004\000.\0001\0002\000\040\000f\000i\000n\000d\000M\000a\000x\000\050\000\051}{section.4.4}% 50
\BOOKMARK [2][-]{subsection.4.4.13}{\376\377\0004\000.\0004\000.\0001\0003\000\040\000f\000i\000n\000d\000M\000i\000n\000\050\000\051}{section.4.4}% 51
\BOOKMARK [2][-]{subsection.4.4.14}{\376\377\0004\000.\0004\000.\0001\0004\000\040\000f\000i\000x\000R\000o\000a\000d\000L\000a\000n\000e\000I\000n\000d\000e\000x\000\050\000\051}{section.4.4}% 52
\BOOKMARK [2][-]{subsection.4.4.15}{\376\377\0004\000.\0004\000.\0001\0005\000\040\000f\000r\000e\000n\000e\000t\0002\000C\000a\000r\000t\000e\000s\000i\000a\000n\000\050\000\051}{section.4.4}% 53
\BOOKMARK [2][-]{subsection.4.4.16}{\376\377\0004\000.\0004\000.\0001\0006\000\040\000g\000a\000u\000s\000s\000C\000o\000n\000v\000e\000r\000t\000\050\000\051}{section.4.4}% 54
\BOOKMARK [2][-]{subsection.4.4.17}{\376\377\0004\000.\0004\000.\0001\0007\000\040\000g\000e\000n\000e\000r\000a\000t\000e\000B\000e\000z\000i\000e\000r\000P\000a\000t\000h\000I\000n\000F\000r\000e\000n\000e\000t\000\050\000\051}{section.4.4}% 55
\BOOKMARK [2][-]{subsection.4.4.18}{\376\377\0004\000.\0004\000.\0001\0008\000\040\000g\000e\000n\000e\000r\000a\000t\000e\000B\000e\000z\000i\000e\000r\000P\000a\000t\000h\000L\000i\000s\000t\000I\000n\000F\000r\000e\000n\000e\000t\000\050\000\051}{section.4.4}% 56
\BOOKMARK [2][-]{subsection.4.4.19}{\376\377\0004\000.\0004\000.\0001\0009\000\040\000g\000e\000n\000e\000r\000a\000t\000e\000S\000p\000e\000e\000d\000L\000i\000s\000t\000\050\000\051}{section.4.4}% 57
\BOOKMARK [2][-]{subsection.4.4.20}{\376\377\0004\000.\0004\000.\0002\0000\000\040\000g\000e\000n\000e\000r\000a\000t\000e\000T\000r\000a\000j\000e\000c\000t\000o\000r\000y\000L\000i\000s\000t\000\050\000\051}{section.4.4}% 58
\BOOKMARK [2][-]{subsection.4.4.21}{\376\377\0004\000.\0004\000.\0002\0001\000\040\000g\000e\000t\000A\000n\000g\000l\000e\000\050\000\051}{section.4.4}% 59
\BOOKMARK [2][-]{subsection.4.4.22}{\376\377\0004\000.\0004\000.\0002\0002\000\040\000g\000e\000t\000A\000n\000g\000l\000e\000D\000i\000f\000f\000\050\000\051}{section.4.4}% 60
\BOOKMARK [2][-]{subsection.4.4.23}{\376\377\0004\000.\0004\000.\0002\0003\000\040\000g\000e\000t\000C\000u\000r\000r\000e\000n\000t\000P\000o\000s\000i\000t\000i\000o\000n\000\050\000\051}{section.4.4}% 61
\BOOKMARK [2][-]{subsection.4.4.24}{\376\377\0004\000.\0004\000.\0002\0004\000\040\000g\000e\000t\000D\000i\000s\000t\000a\000n\000c\000e\000\050\000\051}{section.4.4}% 62
\BOOKMARK [2][-]{subsection.4.4.25}{\376\377\0004\000.\0004\000.\0002\0005\000\040\000g\000e\000t\000F\000r\000e\000n\000e\000t\000L\000o\000c\000a\000t\000i\000o\000n\000P\000o\000i\000n\000t\000\050\000\051}{section.4.4}% 63
\BOOKMARK [2][-]{subsection.4.4.26}{\376\377\0004\000.\0004\000.\0002\0006\000\040\000g\000e\000t\000M\000i\000n\000D\000i\000s\000t\000a\000n\000c\000e\000O\000f\000P\000o\000i\000n\000t\000\050\000\051}{section.4.4}% 64
\BOOKMARK [2][-]{subsection.4.4.27}{\376\377\0004\000.\0004\000.\0002\0007\000\040\000g\000e\000t\000N\000e\000x\000t\000R\000o\000a\000d\000L\000a\000n\000e\000I\000d\000\050\000\051}{section.4.4}% 65
\BOOKMARK [2][-]{subsection.4.4.28}{\376\377\0004\000.\0004\000.\0002\0008\000\040\000g\000e\000t\000O\000p\000t\000i\000m\000a\000l\000T\000r\000a\000j\000e\000c\000t\000o\000r\000y\000I\000n\000d\000e\000x\000\050\000\051}{section.4.4}% 66
\BOOKMARK [2][-]{subsection.4.4.29}{\376\377\0004\000.\0004\000.\0002\0009\000\040\000g\000e\000t\000P\000l\000a\000n\000n\000i\000n\000g\000D\000i\000s\000t\000a\000n\000c\000e\000\050\000\051}{section.4.4}% 67
\BOOKMARK [2][-]{subsection.4.4.30}{\376\377\0004\000.\0004\000.\0003\0000\000\040\000g\000e\000t\000P\000l\000a\000n\000n\000i\000n\000g\000P\000o\000i\000n\000t\000\050\000\051}{section.4.4}% 68
\BOOKMARK [2][-]{subsection.4.4.31}{\376\377\0004\000.\0004\000.\0003\0001\000\040\000g\000e\000t\000R\000e\000f\000e\000r\000e\000n\000c\000e\000L\000i\000n\000e\000\050\000\051}{section.4.4}% 69
\BOOKMARK [2][-]{subsection.4.4.32}{\376\377\0004\000.\0004\000.\0003\0002\000\040\000g\000e\000t\000T\000r\000a\000j\000e\000c\000t\000o\000r\000y\000P\000l\000a\000n\000n\000i\000n\000g\000R\000e\000s\000u\000l\000t\000\050\000\051}{section.4.4}% 70
\BOOKMARK [2][-]{subsection.4.4.33}{\376\377\0004\000.\0004\000.\0003\0003\000\040\000h\000a\000s\000P\000r\000e\000c\000e\000d\000i\000n\000g\000V\000e\000h\000i\000c\000l\000e\000\050\000\051}{section.4.4}% 71
\BOOKMARK [2][-]{subsection.4.4.34}{\376\377\0004\000.\0004\000.\0003\0004\000\040\000i\000n\000A\000r\000e\000a\000\050\000\051}{section.4.4}% 72
\BOOKMARK [2][-]{subsection.4.4.35}{\376\377\0004\000.\0004\000.\0003\0005\000\040\000i\000n\000i\000t\000L\000o\000c\000a\000l\000P\000l\000a\000n\000n\000i\000n\000g\000\050\000\051}{section.4.4}% 73
\BOOKMARK [2][-]{subsection.4.4.36}{\376\377\0004\000.\0004\000.\0003\0006\000\040\000i\000n\000n\000e\000r\000C\000o\000l\000l\000i\000s\000i\000o\000n\000C\000h\000e\000c\000k\000\050\000\051}{section.4.4}% 74
\BOOKMARK [2][-]{subsection.4.4.37}{\376\377\0004\000.\0004\000.\0003\0007\000\040\000l\000i\000m\000i\000t\000P\000l\000a\000n\000n\000i\000n\000g\000D\000i\000s\000t\000a\000n\000c\000e\000\050\000\051}{section.4.4}% 75
\BOOKMARK [2][-]{subsection.4.4.38}{\376\377\0004\000.\0004\000.\0003\0008\000\040\000l\000o\000a\000d\000S\000t\000o\000p\000P\000o\000i\000n\000t\000s\000\050\000\051}{section.4.4}% 76
\BOOKMARK [2][-]{subsection.4.4.39}{\376\377\0004\000.\0004\000.\0003\0009\000\040\000l\000o\000a\000d\000S\000t\000o\000p\000P\000o\000i\000n\000t\000s\000F\000r\000o\000m\000Y\000a\000m\000l\000\050\000\051}{section.4.4}% 77
\BOOKMARK [2][-]{subsection.4.4.40}{\376\377\0004\000.\0004\000.\0004\0000\000\040\000p\000o\000i\000n\000t\000C\000o\000l\000l\000i\000s\000i\000o\000n\000C\000h\000e\000c\000k\000\050\000\051}{section.4.4}% 78
\BOOKMARK [2][-]{subsection.4.4.41}{\376\377\0004\000.\0004\000.\0004\0001\000\040\000p\000o\000i\000n\000t\000D\000i\000s\000t\000a\000n\000c\000e\000\050\000\051}{section.4.4}% 79
\BOOKMARK [2][-]{subsection.4.4.42}{\376\377\0004\000.\0004\000.\0004\0002\000\040\000p\000o\000i\000n\000t\000O\000n\000C\000u\000b\000i\000c\000B\000e\000z\000i\000e\000r\000\050\000\051}{section.4.4}% 80
\BOOKMARK [2][-]{subsection.4.4.43}{\376\377\0004\000.\0004\000.\0004\0003\000\040\000p\000o\000i\000n\000t\000T\000o\000L\000i\000n\000e\000D\000i\000s\000t\000a\000n\000c\000e\000\050\000\051}{section.4.4}% 81
\BOOKMARK [2][-]{subsection.4.4.44}{\376\377\0004\000.\0004\000.\0004\0004\000\040\000p\000r\000o\000c\000e\000s\000s\000T\000r\000a\000f\000f\000i\000c\000L\000i\000g\000h\000t\000\050\000\051}{section.4.4}% 82
\BOOKMARK [2][-]{subsection.4.4.45}{\376\377\0004\000.\0004\000.\0004\0005\000\040\000r\000e\000s\000t\000a\000r\000t\000\050\000\051}{section.4.4}% 83
\BOOKMARK [2][-]{subsection.4.4.46}{\376\377\0004\000.\0004\000.\0004\0006\000\040\000s\000t\000o\000p\000\050\000\051}{section.4.4}% 84
\BOOKMARK [2][-]{subsection.4.4.47}{\376\377\0004\000.\0004\000.\0004\0007\000\040\000s\000t\000o\000p\000P\000o\000i\000n\000t\000J\000u\000d\000g\000e\000\050\000\051}{section.4.4}% 85
\BOOKMARK [2][-]{subsection.4.4.48}{\376\377\0004\000.\0004\000.\0004\0008\000\040\000t\000r\000a\000j\000e\000c\000t\000o\000r\000y\000C\000o\000l\000l\000i\000s\000i\000o\000n\000C\000h\000e\000c\000k\000\050\000\051}{section.4.4}% 86
\BOOKMARK [0][-]{chapter.5}{\376\377\0005\000\040\174\173\213\364\146\016}{}% 87
\BOOKMARK [1][-]{section.5.1}{\376\377\0005\000.\0001\000\040\000L\000o\000c\000a\000l\000P\000l\000a\000n\000n\000i\000n\000g\000:\000:\000a\000b\000l\000e\000T\000o\000P\000a\000s\000s\000Y\000e\000l\000l\000o\000w\000L\000i\000g\000h\000t\000I\000n\000p\000u\000t\176\323\147\204\117\123\000\040\123\302\200\003}{chapter.5}% 88
\BOOKMARK [1][-]{section.5.2}{\376\377\0005\000.\0002\000\040\000L\000o\000c\000a\000l\000P\000l\000a\000n\000n\000i\000n\000g\000:\000:\000a\000b\000l\000e\000T\000o\000P\000a\000s\000s\000Y\000e\000l\000l\000o\000w\000L\000i\000g\000h\000t\000O\000u\000t\000p\000u\000t\176\323\147\204\117\123\000\040\123\302\200\003}{chapter.5}% 89
\BOOKMARK [1][-]{section.5.3}{\376\377\0005\000.\0003\000\040\000L\000o\000c\000a\000l\000P\000l\000a\000n\000n\000i\000n\000g\000:\000:\000a\000b\000l\000e\000T\000o\000P\000a\000s\000s\000Y\000e\000l\000l\000o\000w\000L\000i\000g\000h\000t\000P\000a\000r\000a\000m\176\323\147\204\117\123\000\040\123\302\200\003}{chapter.5}% 90
\BOOKMARK [1][-]{section.5.4}{\376\377\0005\000.\0004\000\040\000L\000o\000c\000a\000l\000P\000l\000a\000n\000n\000i\000n\000g\000:\000:\000a\000n\000g\000l\000e\000R\000e\000g\000u\000l\000a\000t\000e\000I\000n\000p\000u\000t\176\323\147\204\117\123\000\040\123\302\200\003}{chapter.5}% 91
\BOOKMARK [1][-]{section.5.5}{\376\377\0005\000.\0005\000\040\000L\000o\000c\000a\000l\000P\000l\000a\000n\000n\000i\000n\000g\000:\000:\000a\000n\000g\000l\000e\000R\000e\000g\000u\000l\000a\000t\000e\000O\000u\000t\000p\000u\000t\176\323\147\204\117\123\000\040\123\302\200\003}{chapter.5}% 92
\BOOKMARK [1][-]{section.5.6}{\376\377\0005\000.\0006\000\040\000L\000o\000c\000a\000l\000P\000l\000a\000n\000n\000i\000n\000g\000:\000:\000a\000n\000g\000l\000e\000R\000e\000g\000u\000l\000a\000t\000e\000P\000a\000r\000a\000m\176\323\147\204\117\123\000\040\123\302\200\003}{chapter.5}% 93
\BOOKMARK [1][-]{section.5.7}{\376\377\0005\000.\0007\000\040\000L\000o\000c\000a\000l\000P\000l\000a\000n\000n\000i\000n\000g\000:\000:\000a\000s\000s\000e\000s\000s\000T\000r\000a\000j\000e\000c\000t\000o\000r\000y\000I\000n\000p\000u\000t\176\323\147\204\117\123\000\040\123\302\200\003}{chapter.5}% 94
\BOOKMARK [1][-]{section.5.8}{\376\377\0005\000.\0008\000\040\000L\000o\000c\000a\000l\000P\000l\000a\000n\000n\000i\000n\000g\000:\000:\000a\000s\000s\000e\000s\000s\000T\000r\000a\000j\000e\000c\000t\000o\000r\000y\000O\000u\000t\000p\000u\000t\176\323\147\204\117\123\000\040\123\302\200\003}{chapter.5}% 95
\BOOKMARK [1][-]{section.5.9}{\376\377\0005\000.\0009\000\040\000L\000o\000c\000a\000l\000P\000l\000a\000n\000n\000i\000n\000g\000:\000:\000a\000s\000s\000e\000s\000s\000T\000r\000a\000j\000e\000c\000t\000o\000r\000y\000P\000a\000r\000a\000m\176\323\147\204\117\123\000\040\123\302\200\003}{chapter.5}% 96
\BOOKMARK [1][-]{section.5.10}{\376\377\0005\000.\0001\0000\000\040\000G\000o\000l\000b\000a\000l\000P\000l\000a\000n\000n\000i\000n\000g\000:\000:\000A\000s\000t\000a\000r\174\173\000\040\123\302\200\003}{chapter.5}% 97
\BOOKMARK [1][-]{section.5.11}{\376\377\0005\000.\0001\0001\000\040\000G\000o\000l\000b\000a\000l\000P\000l\000a\000n\000n\000i\000n\000g\000:\000:\000A\000s\000t\000a\000r\000C\000a\000l\000c\000F\000I\000n\000p\000u\000t\176\323\147\204\117\123\000\040\123\302\200\003}{chapter.5}% 98
\BOOKMARK [1][-]{section.5.12}{\376\377\0005\000.\0001\0002\000\040\000G\000o\000l\000b\000a\000l\000P\000l\000a\000n\000n\000i\000n\000g\000:\000:\000A\000s\000t\000a\000r\000C\000a\000l\000c\000F\000O\000u\000t\000p\000u\000t\176\323\147\204\117\123\000\040\123\302\200\003}{chapter.5}% 99
\BOOKMARK [1][-]{section.5.13}{\376\377\0005\000.\0001\0003\000\040\000G\000o\000l\000b\000a\000l\000P\000l\000a\000n\000n\000i\000n\000g\000:\000:\000A\000s\000t\000a\000r\000C\000a\000l\000c\000F\000P\000a\000r\000a\000m\176\323\147\204\117\123\000\040\123\302\200\003}{chapter.5}% 100
\BOOKMARK [1][-]{section.5.14}{\376\377\0005\000.\0001\0004\000\040\000G\000o\000l\000b\000a\000l\000P\000l\000a\000n\000n\000i\000n\000g\000:\000:\000A\000s\000t\000a\000r\000C\000a\000l\000c\000G\000I\000n\000p\000u\000t\176\323\147\204\117\123\000\040\123\302\200\003}{chapter.5}% 101
\BOOKMARK [1][-]{section.5.15}{\376\377\0005\000.\0001\0005\000\040\000G\000o\000l\000b\000a\000l\000P\000l\000a\000n\000n\000i\000n\000g\000:\000:\000A\000s\000t\000a\000r\000C\000a\000l\000c\000G\000O\000u\000t\000p\000u\000t\176\323\147\204\117\123\000\040\123\302\200\003}{chapter.5}% 102
\BOOKMARK [1][-]{section.5.16}{\376\377\0005\000.\0001\0006\000\040\000G\000o\000l\000b\000a\000l\000P\000l\000a\000n\000n\000i\000n\000g\000:\000:\000A\000s\000t\000a\000r\000C\000a\000l\000c\000G\000P\000a\000r\000a\000m\176\323\147\204\117\123\000\040\123\302\200\003}{chapter.5}% 103
\BOOKMARK [1][-]{section.5.17}{\376\377\0005\000.\0001\0007\000\040\000G\000o\000l\000b\000a\000l\000P\000l\000a\000n\000n\000i\000n\000g\000:\000:\000A\000s\000t\000a\000r\000C\000a\000l\000c\000H\000I\000n\000p\000u\000t\176\323\147\204\117\123\000\040\123\302\200\003}{chapter.5}% 104
\BOOKMARK [1][-]{section.5.18}{\376\377\0005\000.\0001\0008\000\040\000G\000o\000l\000b\000a\000l\000P\000l\000a\000n\000n\000i\000n\000g\000:\000:\000A\000s\000t\000a\000r\000C\000a\000l\000c\000H\000O\000u\000t\000p\000u\000t\176\323\147\204\117\123\000\040\123\302\200\003}{chapter.5}% 105
\BOOKMARK [1][-]{section.5.19}{\376\377\0005\000.\0001\0009\000\040\000G\000o\000l\000b\000a\000l\000P\000l\000a\000n\000n\000i\000n\000g\000:\000:\000A\000s\000t\000a\000r\000C\000a\000l\000c\000H\000P\000a\000r\000a\000m\176\323\147\204\117\123\000\040\123\302\200\003}{chapter.5}% 106
\BOOKMARK [1][-]{section.5.20}{\376\377\0005\000.\0002\0000\000\040\000G\000o\000l\000b\000a\000l\000P\000l\000a\000n\000n\000i\000n\000g\000:\000:\000A\000s\000t\000a\000r\000F\000i\000n\000d\000L\000a\000n\000e\000I\000n\000p\000u\000t\176\323\147\204\117\123\000\040\123\302\200\003}{chapter.5}% 107
\BOOKMARK [1][-]{section.5.21}{\376\377\0005\000.\0002\0001\000\040\000G\000o\000l\000b\000a\000l\000P\000l\000a\000n\000n\000i\000n\000g\000:\000:\000A\000s\000t\000a\000r\000F\000i\000n\000d\000L\000a\000n\000e\000O\000u\000t\000p\000u\000t\176\323\147\204\117\123\000\040\123\302\200\003}{chapter.5}% 108
\BOOKMARK [1][-]{section.5.22}{\376\377\0005\000.\0002\0002\000\040\000G\000o\000l\000b\000a\000l\000P\000l\000a\000n\000n\000i\000n\000g\000:\000:\000A\000s\000t\000a\000r\000F\000i\000n\000d\000L\000a\000n\000e\000P\000a\000r\000a\000m\176\323\147\204\117\123\000\040\123\302\200\003}{chapter.5}% 109
\BOOKMARK [1][-]{section.5.23}{\376\377\0005\000.\0002\0003\000\040\000G\000o\000l\000b\000a\000l\000P\000l\000a\000n\000n\000i\000n\000g\000:\000:\000A\000s\000t\000a\000r\000F\000i\000n\000d\000L\000a\000n\000e\000R\000I\000n\000p\000u\000t\176\323\147\204\117\123\000\040\123\302\200\003}{chapter.5}% 110
\BOOKMARK [1][-]{section.5.24}{\376\377\0005\000.\0002\0004\000\040\000G\000o\000l\000b\000a\000l\000P\000l\000a\000n\000n\000i\000n\000g\000:\000:\000A\000s\000t\000a\000r\000F\000i\000n\000d\000L\000a\000n\000e\000R\000O\000u\000t\000p\000u\000t\176\323\147\204\117\123\000\040\123\302\200\003}{chapter.5}% 111
\BOOKMARK [1][-]{section.5.25}{\376\377\0005\000.\0002\0005\000\040\000G\000o\000l\000b\000a\000l\000P\000l\000a\000n\000n\000i\000n\000g\000:\000:\000A\000s\000t\000a\000r\000F\000i\000n\000d\000L\000a\000n\000e\000R\000P\000a\000r\000a\000m\176\323\147\204\117\123\000\040\123\302\200\003}{chapter.5}% 112
\BOOKMARK [1][-]{section.5.26}{\376\377\0005\000.\0002\0006\000\040\000G\000o\000l\000b\000a\000l\000P\000l\000a\000n\000n\000i\000n\000g\000:\000:\000A\000s\000t\000a\000r\000F\000i\000n\000d\000P\000a\000t\000h\000I\000n\000p\000u\000t\176\323\147\204\117\123\000\040\123\302\200\003}{chapter.5}% 113
\BOOKMARK [1][-]{section.5.27}{\376\377\0005\000.\0002\0007\000\040\000G\000o\000l\000b\000a\000l\000P\000l\000a\000n\000n\000i\000n\000g\000:\000:\000A\000s\000t\000a\000r\000F\000i\000n\000d\000P\000a\000t\000h\000O\000u\000t\000p\000u\000t\176\323\147\204\117\123\000\040\123\302\200\003}{chapter.5}% 114
\BOOKMARK [1][-]{section.5.28}{\376\377\0005\000.\0002\0008\000\040\000G\000o\000l\000b\000a\000l\000P\000l\000a\000n\000n\000i\000n\000g\000:\000:\000A\000s\000t\000a\000r\000F\000i\000n\000d\000P\000a\000t\000h\000P\000a\000r\000a\000m\176\323\147\204\117\123\000\040\123\302\200\003}{chapter.5}% 115
\BOOKMARK [1][-]{section.5.29}{\376\377\0005\000.\0002\0009\000\040\000G\000o\000l\000b\000a\000l\000P\000l\000a\000n\000n\000i\000n\000g\000:\000:\000A\000s\000t\000a\000r\000G\000e\000t\000L\000e\000a\000s\000t\000F\000I\000n\000p\000u\000t\176\323\147\204\117\123\000\040\123\302\200\003}{chapter.5}% 116
\BOOKMARK [1][-]{section.5.30}{\376\377\0005\000.\0003\0000\000\040\000G\000o\000l\000b\000a\000l\000P\000l\000a\000n\000n\000i\000n\000g\000:\000:\000A\000s\000t\000a\000r\000G\000e\000t\000L\000e\000a\000s\000t\000F\000O\000u\000t\000p\000u\000t\176\323\147\204\117\123\000\040\123\302\200\003}{chapter.5}% 117
\BOOKMARK [1][-]{section.5.31}{\376\377\0005\000.\0003\0001\000\040\000G\000o\000l\000b\000a\000l\000P\000l\000a\000n\000n\000i\000n\000g\000:\000:\000A\000s\000t\000a\000r\000G\000e\000t\000L\000e\000a\000s\000t\000F\000P\000a\000r\000a\000m\176\323\147\204\117\123\000\040\123\302\200\003}{chapter.5}% 118
\BOOKMARK [1][-]{section.5.32}{\376\377\0005\000.\0003\0002\000\040\000G\000o\000l\000b\000a\000l\000P\000l\000a\000n\000n\000i\000n\000g\000:\000:\000A\000s\000t\000a\000r\000G\000e\000t\000N\000e\000x\000t\000R\000o\000a\000d\000I\000n\000p\000u\000t\176\323\147\204\117\123\000\040\123\302\200\003}{chapter.5}% 119
\BOOKMARK [1][-]{section.5.33}{\376\377\0005\000.\0003\0003\000\040\000G\000o\000l\000b\000a\000l\000P\000l\000a\000n\000n\000i\000n\000g\000:\000:\000A\000s\000t\000a\000r\000G\000e\000t\000N\000e\000x\000t\000R\000o\000a\000d\000O\000u\000t\000p\000u\000t\176\323\147\204\117\123\000\040\123\302\200\003}{chapter.5}% 120
\BOOKMARK [1][-]{section.5.34}{\376\377\0005\000.\0003\0004\000\040\000G\000o\000l\000b\000a\000l\000P\000l\000a\000n\000n\000i\000n\000g\000:\000:\000A\000s\000t\000a\000r\000G\000e\000t\000N\000e\000x\000t\000R\000o\000a\000d\000P\000a\000r\000a\000m\176\323\147\204\117\123\000\040\123\302\200\003}{chapter.5}% 121
\BOOKMARK [1][-]{section.5.35}{\376\377\0005\000.\0003\0005\000\040\000G\000o\000l\000b\000a\000l\000P\000l\000a\000n\000n\000i\000n\000g\000:\000:\000A\000s\000t\000a\000r\000G\000e\000t\000P\000a\000t\000h\000I\000n\000p\000u\000t\176\323\147\204\117\123\000\040\123\302\200\003}{chapter.5}% 122
\BOOKMARK [1][-]{section.5.36}{\376\377\0005\000.\0003\0006\000\040\000G\000o\000l\000b\000a\000l\000P\000l\000a\000n\000n\000i\000n\000g\000:\000:\000A\000s\000t\000a\000r\000G\000e\000t\000P\000a\000t\000h\000O\000u\000t\000p\000u\000t\176\323\147\204\117\123\000\040\123\302\200\003}{chapter.5}% 123
\BOOKMARK [1][-]{section.5.37}{\376\377\0005\000.\0003\0007\000\040\000G\000o\000l\000b\000a\000l\000P\000l\000a\000n\000n\000i\000n\000g\000:\000:\000A\000s\000t\000a\000r\000G\000e\000t\000P\000a\000t\000h\000P\000a\000r\000a\000m\176\323\147\204\117\123\000\040\123\302\200\003}{chapter.5}% 124
\BOOKMARK [1][-]{section.5.38}{\376\377\0005\000.\0003\0008\000\040\000G\000o\000l\000b\000a\000l\000P\000l\000a\000n\000n\000i\000n\000g\000:\000:\000A\000s\000t\000a\000r\000I\000n\000i\000t\000L\000i\000n\000k\000I\000n\000p\000u\000t\176\323\147\204\117\123\000\040\123\302\200\003}{chapter.5}% 125
\BOOKMARK [1][-]{section.5.39}{\376\377\0005\000.\0003\0009\000\040\000G\000o\000l\000b\000a\000l\000P\000l\000a\000n\000n\000i\000n\000g\000:\000:\000A\000s\000t\000a\000r\000I\000n\000i\000t\000L\000i\000n\000k\000O\000u\000t\000p\000u\000t\176\323\147\204\117\123\000\040\123\302\200\003}{chapter.5}% 126
\BOOKMARK [1][-]{section.5.40}{\376\377\0005\000.\0004\0000\000\040\000G\000o\000l\000b\000a\000l\000P\000l\000a\000n\000n\000i\000n\000g\000:\000:\000A\000s\000t\000a\000r\000I\000n\000i\000t\000L\000i\000n\000k\000P\000a\000r\000a\000m\176\323\147\204\117\123\000\040\123\302\200\003}{chapter.5}% 127
\BOOKMARK [1][-]{section.5.41}{\376\377\0005\000.\0004\0001\000\040\000G\000o\000l\000b\000a\000l\000P\000l\000a\000n\000n\000i\000n\000g\000:\000:\000A\000s\000t\000a\000r\000I\000n\000i\000t\000R\000o\000a\000d\000I\000n\000p\000u\000t\176\323\147\204\117\123\000\040\123\302\200\003}{chapter.5}% 128
\BOOKMARK [1][-]{section.5.42}{\376\377\0005\000.\0004\0002\000\040\000G\000o\000l\000b\000a\000l\000P\000l\000a\000n\000n\000i\000n\000g\000:\000:\000A\000s\000t\000a\000r\000I\000n\000i\000t\000R\000o\000a\000d\000O\000u\000t\000p\000u\000t\176\323\147\204\117\123\000\040\123\302\200\003}{chapter.5}% 129
\BOOKMARK [1][-]{section.5.43}{\376\377\0005\000.\0004\0003\000\040\000G\000o\000l\000b\000a\000l\000P\000l\000a\000n\000n\000i\000n\000g\000:\000:\000A\000s\000t\000a\000r\000I\000n\000i\000t\000R\000o\000a\000d\000P\000a\000r\000a\000m\176\323\147\204\117\123\000\040\123\302\200\003}{chapter.5}% 130
\BOOKMARK [1][-]{section.5.44}{\376\377\0005\000.\0004\0004\000\040\000G\000o\000l\000b\000a\000l\000P\000l\000a\000n\000n\000i\000n\000g\000:\000:\000A\000s\000t\000a\000r\000M\000a\000p\000T\000o\000A\000s\000t\000a\000r\000I\000n\000p\000u\000t\176\323\147\204\117\123\000\040\123\302\200\003}{chapter.5}% 131
\BOOKMARK [1][-]{section.5.45}{\376\377\0005\000.\0004\0005\000\040\000G\000o\000l\000b\000a\000l\000P\000l\000a\000n\000n\000i\000n\000g\000:\000:\000A\000s\000t\000a\000r\000M\000a\000p\000T\000o\000A\000s\000t\000a\000r\000O\000u\000t\000p\000u\000t\176\323\147\204\117\123\000\040\123\302\200\003}{chapter.5}% 132
\BOOKMARK [1][-]{section.5.46}{\376\377\0005\000.\0004\0006\000\040\000G\000o\000l\000b\000a\000l\000P\000l\000a\000n\000n\000i\000n\000g\000:\000:\000A\000s\000t\000a\000r\000M\000a\000p\000T\000o\000A\000s\000t\000a\000r\000P\000a\000r\000a\000m\176\323\147\204\117\123\000\040\123\302\200\003}{chapter.5}% 133
\BOOKMARK [1][-]{section.5.47}{\376\377\0005\000.\0004\0007\000\040\000G\000o\000l\000b\000a\000l\000P\000l\000a\000n\000n\000i\000n\000g\000:\000:\000A\000s\000t\000a\000r\000M\000o\000d\000u\000l\000e\000S\000e\000l\000f\000C\000h\000e\000c\000k\000I\000n\000p\000u\000t\176\323\147\204\117\123\000\040\123\302\200\003}{chapter.5}% 134
\BOOKMARK [1][-]{section.5.48}{\376\377\0005\000.\0004\0008\000\040\000G\000o\000l\000b\000a\000l\000P\000l\000a\000n\000n\000i\000n\000g\000:\000:\000A\000s\000t\000a\000r\000M\000o\000d\000u\000l\000e\000S\000e\000l\000f\000C\000h\000e\000c\000k\000O\000u\000t\000p\000u\000t\176\323\147\204\117\123\000\040\123\302\200\003}{chapter.5}% 135
\BOOKMARK [1][-]{section.5.49}{\376\377\0005\000.\0004\0009\000\040\000G\000o\000l\000b\000a\000l\000P\000l\000a\000n\000n\000i\000n\000g\000:\000:\000A\000s\000t\000a\000r\000M\000o\000d\000u\000l\000e\000S\000e\000l\000f\000C\000h\000e\000c\000k\000P\000a\000r\000a\000m\176\323\147\204\117\123\000\040\123\302\200\003}{chapter.5}% 136
\BOOKMARK [1][-]{section.5.50}{\376\377\0005\000.\0005\0000\000\040\000G\000o\000l\000b\000a\000l\000P\000l\000a\000n\000n\000i\000n\000g\000:\000:\000A\000s\000t\000a\000r\000M\000o\000d\000u\000l\000e\000S\000e\000l\000f\000C\000h\000e\000c\000k\000P\000r\000i\000n\000t\000I\000n\000p\000u\000t\176\323\147\204\117\123\000\040\123\302\200\003}{chapter.5}% 137
\BOOKMARK [1][-]{section.5.51}{\376\377\0005\000.\0005\0001\000\040\000G\000o\000l\000b\000a\000l\000P\000l\000a\000n\000n\000i\000n\000g\000:\000:\000A\000s\000t\000a\000r\000M\000o\000d\000u\000l\000e\000S\000e\000l\000f\000C\000h\000e\000c\000k\000P\000r\000i\000n\000t\000O\000u\000t\000p\000u\000t\176\323\147\204\117\123\000\040\123\302\200\003}{chapter.5}% 138
\BOOKMARK [1][-]{section.5.52}{\376\377\0005\000.\0005\0002\000\040\000G\000o\000l\000b\000a\000l\000P\000l\000a\000n\000n\000i\000n\000g\000:\000:\000A\000s\000t\000a\000r\000M\000o\000d\000u\000l\000e\000S\000e\000l\000f\000C\000h\000e\000c\000k\000P\000r\000i\000n\000t\000P\000a\000r\000a\000m\176\323\147\204\117\123\000\040\123\302\200\003}{chapter.5}% 139
\BOOKMARK [1][-]{section.5.53}{\376\377\0005\000.\0005\0003\000\040\000G\000o\000l\000b\000a\000l\000P\000l\000a\000n\000n\000i\000n\000g\000:\000:\000A\000s\000t\000a\000r\000R\000e\000c\000u\000r\000s\000i\000v\000e\000F\000i\000n\000d\000L\000a\000n\000e\000I\000n\000p\000u\000t\176\323\147\204\117\123\000\040\123\302\200\003}{chapter.5}% 140
\BOOKMARK [1][-]{section.5.54}{\376\377\0005\000.\0005\0004\000\040\000G\000o\000l\000b\000a\000l\000P\000l\000a\000n\000n\000i\000n\000g\000:\000:\000A\000s\000t\000a\000r\000R\000e\000c\000u\000r\000s\000i\000v\000e\000F\000i\000n\000d\000L\000a\000n\000e\000O\000u\000t\000p\000u\000t\176\323\147\204\117\123\000\040\123\302\200\003}{chapter.5}% 141
\BOOKMARK [1][-]{section.5.55}{\376\377\0005\000.\0005\0005\000\040\000G\000o\000l\000b\000a\000l\000P\000l\000a\000n\000n\000i\000n\000g\000:\000:\000A\000s\000t\000a\000r\000R\000e\000c\000u\000r\000s\000i\000v\000e\000F\000i\000n\000d\000L\000a\000n\000e\000P\000a\000r\000a\000m\176\323\147\204\117\123\000\040\123\302\200\003}{chapter.5}% 142
\BOOKMARK [1][-]{section.5.56}{\376\377\0005\000.\0005\0006\000\040\000G\000o\000l\000b\000a\000l\000P\000l\000a\000n\000n\000i\000n\000g\000:\000:\000A\000s\000t\000a\000r\000R\000e\000s\000e\000t\000I\000n\000p\000u\000t\176\323\147\204\117\123\000\040\123\302\200\003}{chapter.5}% 143
\BOOKMARK [1][-]{section.5.57}{\376\377\0005\000.\0005\0007\000\040\000G\000o\000l\000b\000a\000l\000P\000l\000a\000n\000n\000i\000n\000g\000:\000:\000A\000s\000t\000a\000r\000R\000e\000s\000e\000t\000O\000u\000t\000p\000u\000t\176\323\147\204\117\123\000\040\123\302\200\003}{chapter.5}% 144
\BOOKMARK [1][-]{section.5.58}{\376\377\0005\000.\0005\0008\000\040\000G\000o\000l\000b\000a\000l\000P\000l\000a\000n\000n\000i\000n\000g\000:\000:\000A\000s\000t\000a\000r\000R\000e\000s\000e\000t\000P\000a\000r\000a\000m\176\323\147\204\117\123\000\040\123\302\200\003}{chapter.5}% 145
\BOOKMARK [1][-]{section.5.59}{\376\377\0005\000.\0005\0009\000\040\000L\000o\000c\000a\000l\000P\000l\000a\000n\000n\000i\000n\000g\000:\000:\000b\000o\000u\000n\000d\000a\000r\000y\000C\000o\000l\000l\000i\000s\000i\000o\000n\000C\000h\000e\000c\000k\000I\000n\000p\000u\000t\176\323\147\204\117\123\000\040\123\302\200\003}{chapter.5}% 146
\BOOKMARK [1][-]{section.5.60}{\376\377\0005\000.\0006\0000\000\040\000L\000o\000c\000a\000l\000P\000l\000a\000n\000n\000i\000n\000g\000:\000:\000b\000o\000u\000n\000d\000a\000r\000y\000C\000o\000l\000l\000i\000s\000i\000o\000n\000C\000h\000e\000c\000k\000O\000u\000t\000p\000u\000t\176\323\147\204\117\123\000\040\123\302\200\003}{chapter.5}% 147
\BOOKMARK [1][-]{section.5.61}{\376\377\0005\000.\0006\0001\000\040\000L\000o\000c\000a\000l\000P\000l\000a\000n\000n\000i\000n\000g\000:\000:\000b\000o\000u\000n\000d\000a\000r\000y\000C\000o\000l\000l\000i\000s\000i\000o\000n\000C\000h\000e\000c\000k\000P\000a\000r\000a\000m\176\323\147\204\117\123\000\040\123\302\200\003}{chapter.5}% 148
\BOOKMARK [1][-]{section.5.62}{\376\377\0005\000.\0006\0002\000\040\000L\000o\000c\000a\000l\000P\000l\000a\000n\000n\000i\000n\000g\000:\000:\000c\000a\000l\000c\000u\000l\000a\000t\000e\000C\000u\000r\000v\000a\000t\000u\000r\000e\000I\000n\000p\000u\000t\176\323\147\204\117\123\000\040\123\302\200\003}{chapter.5}% 149
\BOOKMARK [1][-]{section.5.63}{\376\377\0005\000.\0006\0003\000\040\000L\000o\000c\000a\000l\000P\000l\000a\000n\000n\000i\000n\000g\000:\000:\000c\000a\000l\000c\000u\000l\000a\000t\000e\000C\000u\000r\000v\000a\000t\000u\000r\000e\000O\000u\000t\000p\000u\000t\176\323\147\204\117\123\000\040\123\302\200\003}{chapter.5}% 150
\BOOKMARK [1][-]{section.5.64}{\376\377\0005\000.\0006\0004\000\040\000L\000o\000c\000a\000l\000P\000l\000a\000n\000n\000i\000n\000g\000:\000:\000c\000a\000l\000c\000u\000l\000a\000t\000e\000C\000u\000r\000v\000a\000t\000u\000r\000e\000P\000a\000r\000a\000m\176\323\147\204\117\123\000\040\123\302\200\003}{chapter.5}% 151
\BOOKMARK [1][-]{section.5.65}{\376\377\0005\000.\0006\0005\000\040\000L\000o\000c\000a\000l\000P\000l\000a\000n\000n\000i\000n\000g\000:\000:\000c\000h\000a\000n\000g\000e\000C\000u\000r\000r\000e\000n\000t\000P\000o\000i\000n\000t\000I\000n\000p\000u\000t\176\323\147\204\117\123\000\040\123\302\200\003}{chapter.5}% 152
\BOOKMARK [1][-]{section.5.66}{\376\377\0005\000.\0006\0006\000\040\000L\000o\000c\000a\000l\000P\000l\000a\000n\000n\000i\000n\000g\000:\000:\000c\000h\000a\000n\000g\000e\000C\000u\000r\000r\000e\000n\000t\000P\000o\000i\000n\000t\000O\000u\000t\000p\000u\000t\176\323\147\204\117\123\000\040\123\302\200\003}{chapter.5}% 153
\BOOKMARK [1][-]{section.5.67}{\376\377\0005\000.\0006\0007\000\040\000L\000o\000c\000a\000l\000P\000l\000a\000n\000n\000i\000n\000g\000:\000:\000c\000h\000a\000n\000g\000e\000C\000u\000r\000r\000e\000n\000t\000P\000o\000i\000n\000t\000P\000a\000r\000a\000m\176\323\147\204\117\123\000\040\123\302\200\003}{chapter.5}% 154
\BOOKMARK [1][-]{section.5.68}{\376\377\0005\000.\0006\0008\000\040\000L\000o\000c\000a\000l\000P\000l\000a\000n\000n\000i\000n\000g\000:\000:\000c\000h\000a\000n\000g\000e\000L\000o\000c\000a\000l\000T\000o\000G\000l\000o\000b\000a\000l\000I\000n\000p\000u\000t\176\323\147\204\117\123\000\040\123\302\200\003}{chapter.5}% 155
\BOOKMARK [1][-]{section.5.69}{\376\377\0005\000.\0006\0009\000\040\000L\000o\000c\000a\000l\000P\000l\000a\000n\000n\000i\000n\000g\000:\000:\000c\000h\000a\000n\000g\000e\000L\000o\000c\000a\000l\000T\000o\000G\000l\000o\000b\000a\000l\000O\000u\000t\000p\000u\000t\176\323\147\204\117\123\000\040\123\302\200\003}{chapter.5}% 156
\BOOKMARK [1][-]{section.5.70}{\376\377\0005\000.\0007\0000\000\040\000L\000o\000c\000a\000l\000P\000l\000a\000n\000n\000i\000n\000g\000:\000:\000c\000h\000a\000n\000g\000e\000L\000o\000c\000a\000l\000T\000o\000G\000l\000o\000b\000a\000l\000P\000a\000r\000a\000m\176\323\147\204\117\123\000\040\123\302\200\003}{chapter.5}% 157
\BOOKMARK [1][-]{section.5.71}{\376\377\0005\000.\0007\0001\000\040\000L\000o\000c\000a\000l\000P\000l\000a\000n\000n\000i\000n\000g\000:\000:\000c\000l\000e\000a\000r\000P\000a\000t\000h\000L\000i\000s\000t\000I\000n\000p\000u\000t\176\323\147\204\117\123\000\040\123\302\200\003}{chapter.5}% 158
\BOOKMARK [1][-]{section.5.72}{\376\377\0005\000.\0007\0002\000\040\000L\000o\000c\000a\000l\000P\000l\000a\000n\000n\000i\000n\000g\000:\000:\000c\000l\000e\000a\000r\000P\000a\000t\000h\000L\000i\000s\000t\000O\000u\000t\000p\000u\000t\176\323\147\204\117\123\000\040\123\302\200\003}{chapter.5}% 159
\BOOKMARK [1][-]{section.5.73}{\376\377\0005\000.\0007\0003\000\040\000L\000o\000c\000a\000l\000P\000l\000a\000n\000n\000i\000n\000g\000:\000:\000c\000l\000e\000a\000r\000P\000a\000t\000h\000L\000i\000s\000t\000P\000a\000r\000a\000m\176\323\147\204\117\123\000\040\123\302\200\003}{chapter.5}% 160
\BOOKMARK [1][-]{section.5.74}{\376\377\0005\000.\0007\0004\000\040\000G\000o\000l\000b\000a\000l\000P\000l\000a\000n\000n\000i\000n\000g\000:\000:\000c\000m\000p\174\173\000\040\123\302\200\003}{chapter.5}% 161
\BOOKMARK [1][-]{section.5.75}{\376\377\0005\000.\0007\0005\000\040\000L\000o\000c\000a\000l\000P\000l\000a\000n\000n\000i\000n\000g\000:\000:\000c\000o\000o\000r\000d\000T\000r\000a\000n\0002\000D\000I\000n\000p\000u\000t\176\323\147\204\117\123\000\040\123\302\200\003}{chapter.5}% 162
\BOOKMARK [1][-]{section.5.76}{\376\377\0005\000.\0007\0006\000\040\000L\000o\000c\000a\000l\000P\000l\000a\000n\000n\000i\000n\000g\000:\000:\000c\000o\000o\000r\000d\000T\000r\000a\000n\0002\000D\000O\000u\000t\000p\000u\000t\176\323\147\204\117\123\000\040\123\302\200\003}{chapter.5}% 163
\BOOKMARK [1][-]{section.5.77}{\376\377\0005\000.\0007\0007\000\040\000L\000o\000c\000a\000l\000P\000l\000a\000n\000n\000i\000n\000g\000:\000:\000c\000o\000o\000r\000d\000T\000r\000a\000n\0002\000D\000P\000a\000r\000a\000m\176\323\147\204\117\123\000\040\123\302\200\003}{chapter.5}% 164
\BOOKMARK [1][-]{section.5.78}{\376\377\0005\000.\0007\0008\000\040\000L\000o\000c\000a\000l\000P\000l\000a\000n\000n\000i\000n\000g\000:\000:\000c\000o\000u\000r\000s\000e\000A\000n\000g\000l\000e\000R\000e\000v\000i\000s\000e\000I\000n\000p\000u\000t\176\323\147\204\117\123\000\040\123\302\200\003}{chapter.5}% 165
\BOOKMARK [1][-]{section.5.79}{\376\377\0005\000.\0007\0009\000\040\000L\000o\000c\000a\000l\000P\000l\000a\000n\000n\000i\000n\000g\000:\000:\000c\000o\000u\000r\000s\000e\000A\000n\000g\000l\000e\000R\000e\000v\000i\000s\000e\000O\000u\000t\000p\000u\000t\176\323\147\204\117\123\000\040\123\302\200\003}{chapter.5}% 166
\BOOKMARK [1][-]{section.5.80}{\376\377\0005\000.\0008\0000\000\040\000L\000o\000c\000a\000l\000P\000l\000a\000n\000n\000i\000n\000g\000:\000:\000c\000o\000u\000r\000s\000e\000A\000n\000g\000l\000e\000R\000e\000v\000i\000s\000e\000P\000a\000r\000a\000m\176\323\147\204\117\123\000\040\123\302\200\003}{chapter.5}% 167
\BOOKMARK [1][-]{section.5.81}{\376\377\0005\000.\0008\0001\000\040\000g\000e\000o\000m\000e\000t\000r\000y\000:\000:\000c\000r\000o\000s\000s\000I\000n\000p\000u\000t\176\323\147\204\117\123\000\040\123\302\200\003}{chapter.5}% 168
\BOOKMARK [1][-]{section.5.82}{\376\377\0005\000.\0008\0002\000\040\000g\000e\000o\000m\000e\000t\000r\000y\000:\000:\000c\000r\000o\000s\000s\000O\000u\000t\000p\000u\000t\176\323\147\204\117\123\000\040\123\302\200\003}{chapter.5}% 169
\BOOKMARK [1][-]{section.5.83}{\376\377\0005\000.\0008\0003\000\040\000g\000e\000o\000m\000e\000t\000r\000y\000:\000:\000c\000r\000o\000s\000s\000P\000a\000r\000a\000m\176\323\147\204\117\123\000\040\123\302\200\003}{chapter.5}% 170
\BOOKMARK [1][-]{section.5.84}{\376\377\0005\000.\0008\0004\000\040\000L\000o\000c\000a\000l\000P\000l\000a\000n\000n\000i\000n\000g\000:\000:\000c\000r\000u\000i\000s\000e\000C\000o\000n\000t\000r\000o\000l\000l\000e\000r\000I\000n\000p\000u\000t\176\323\147\204\117\123\000\040\123\302\200\003}{chapter.5}% 171
\BOOKMARK [1][-]{section.5.85}{\376\377\0005\000.\0008\0005\000\040\000L\000o\000c\000a\000l\000P\000l\000a\000n\000n\000i\000n\000g\000:\000:\000c\000r\000u\000i\000s\000e\000C\000o\000n\000t\000r\000o\000l\000l\000e\000r\000O\000u\000t\000p\000u\000t\176\323\147\204\117\123\000\040\123\302\200\003}{chapter.5}% 172
\BOOKMARK [1][-]{section.5.86}{\376\377\0005\000.\0008\0006\000\040\000L\000o\000c\000a\000l\000P\000l\000a\000n\000n\000i\000n\000g\000:\000:\000c\000r\000u\000i\000s\000e\000C\000o\000n\000t\000r\000o\000l\000l\000e\000r\000P\000a\000r\000a\000m\176\323\147\204\117\123\000\040\123\302\200\003}{chapter.5}% 173
\BOOKMARK [1][-]{section.5.87}{\376\377\0005\000.\0008\0007\000\040\000L\000o\000c\000a\000l\000P\000l\000a\000n\000n\000i\000n\000g\000:\000:\000D\000e\000c\000i\000s\000i\000o\000n\000D\000a\000t\000a\176\323\147\204\117\123\000\040\123\302\200\003}{chapter.5}% 174
\BOOKMARK [1][-]{section.5.88}{\376\377\0005\000.\0008\0008\000\040\000L\000o\000c\000a\000l\000P\000l\000a\000n\000n\000i\000n\000g\000:\000:\000f\000i\000n\000d\000M\000a\000x\000I\000n\000p\000u\000t\176\323\147\204\117\123\000\040\123\302\200\003}{chapter.5}% 175
\BOOKMARK [1][-]{section.5.89}{\376\377\0005\000.\0008\0009\000\040\000L\000o\000c\000a\000l\000P\000l\000a\000n\000n\000i\000n\000g\000:\000:\000f\000i\000n\000d\000M\000a\000x\000O\000u\000t\000p\000u\000t\176\323\147\204\117\123\000\040\123\302\200\003}{chapter.5}% 176
\BOOKMARK [1][-]{section.5.90}{\376\377\0005\000.\0009\0000\000\040\000L\000o\000c\000a\000l\000P\000l\000a\000n\000n\000i\000n\000g\000:\000:\000f\000i\000n\000d\000M\000a\000x\000P\000a\000r\000a\000m\176\323\147\204\117\123\000\040\123\302\200\003}{chapter.5}% 177
\BOOKMARK [1][-]{section.5.91}{\376\377\0005\000.\0009\0001\000\040\000L\000o\000c\000a\000l\000P\000l\000a\000n\000n\000i\000n\000g\000:\000:\000f\000i\000n\000d\000M\000i\000n\000I\000n\000p\000u\000t\176\323\147\204\117\123\000\040\123\302\200\003}{chapter.5}% 178
\BOOKMARK [1][-]{section.5.92}{\376\377\0005\000.\0009\0002\000\040\000L\000o\000c\000a\000l\000P\000l\000a\000n\000n\000i\000n\000g\000:\000:\000f\000i\000n\000d\000M\000i\000n\000O\000u\000t\000p\000u\000t\176\323\147\204\117\123\000\040\123\302\200\003}{chapter.5}% 179
\BOOKMARK [1][-]{section.5.93}{\376\377\0005\000.\0009\0003\000\040\000L\000o\000c\000a\000l\000P\000l\000a\000n\000n\000i\000n\000g\000:\000:\000f\000i\000n\000d\000M\000i\000n\000P\000a\000r\000a\000m\176\323\147\204\117\123\000\040\123\302\200\003}{chapter.5}% 180
\BOOKMARK [1][-]{section.5.94}{\376\377\0005\000.\0009\0004\000\040\000L\000o\000c\000a\000l\000P\000l\000a\000n\000n\000i\000n\000g\000:\000:\000f\000i\000x\000R\000o\000a\000d\000L\000a\000n\000e\000I\000n\000d\000e\000x\000I\000n\000p\000u\000t\176\323\147\204\117\123\000\040\123\302\200\003}{chapter.5}% 181
\BOOKMARK [1][-]{section.5.95}{\376\377\0005\000.\0009\0005\000\040\000L\000o\000c\000a\000l\000P\000l\000a\000n\000n\000i\000n\000g\000:\000:\000f\000i\000x\000R\000o\000a\000d\000L\000a\000n\000e\000I\000n\000d\000e\000x\000O\000u\000t\000p\000u\000t\176\323\147\204\117\123\000\040\123\302\200\003}{chapter.5}% 182
\BOOKMARK [1][-]{section.5.96}{\376\377\0005\000.\0009\0006\000\040\000L\000o\000c\000a\000l\000P\000l\000a\000n\000n\000i\000n\000g\000:\000:\000f\000i\000x\000R\000o\000a\000d\000L\000a\000n\000e\000I\000n\000d\000e\000x\000P\000a\000r\000a\000m\176\323\147\204\117\123\000\040\123\302\200\003}{chapter.5}% 183
\BOOKMARK [1][-]{section.5.97}{\376\377\0005\000.\0009\0007\000\040\000L\000o\000c\000a\000l\000P\000l\000a\000n\000n\000i\000n\000g\000:\000:\000f\000r\000e\000n\000e\000t\0002\000C\000a\000r\000t\000e\000s\000i\000a\000n\000I\000n\000p\000u\000t\176\323\147\204\117\123\000\040\123\302\200\003}{chapter.5}% 184
\BOOKMARK [1][-]{section.5.98}{\376\377\0005\000.\0009\0008\000\040\000L\000o\000c\000a\000l\000P\000l\000a\000n\000n\000i\000n\000g\000:\000:\000f\000r\000e\000n\000e\000t\0002\000C\000a\000r\000t\000e\000s\000i\000a\000n\000O\000u\000t\000p\000u\000t\176\323\147\204\117\123\000\040\123\302\200\003}{chapter.5}% 185
\BOOKMARK [1][-]{section.5.99}{\376\377\0005\000.\0009\0009\000\040\000L\000o\000c\000a\000l\000P\000l\000a\000n\000n\000i\000n\000g\000:\000:\000f\000r\000e\000n\000e\000t\0002\000C\000a\000r\000t\000e\000s\000i\000a\000n\000P\000a\000r\000a\000m\176\323\147\204\117\123\000\040\123\302\200\003}{chapter.5}% 186
\BOOKMARK [1][-]{section.5.100}{\376\377\0005\000.\0001\0000\0000\000\040\000L\000o\000c\000a\000l\000P\000l\000a\000n\000n\000i\000n\000g\000:\000:\000g\000a\000u\000s\000s\000C\000o\000n\000v\000e\000r\000t\000I\000n\000p\000u\000t\176\323\147\204\117\123\000\040\123\302\200\003}{chapter.5}% 187
\BOOKMARK [1][-]{section.5.101}{\376\377\0005\000.\0001\0000\0001\000\040\000L\000o\000c\000a\000l\000P\000l\000a\000n\000n\000i\000n\000g\000:\000:\000g\000a\000u\000s\000s\000C\000o\000n\000v\000e\000r\000t\000O\000u\000t\000p\000u\000t\176\323\147\204\117\123\000\040\123\302\200\003}{chapter.5}% 188
\BOOKMARK [1][-]{section.5.102}{\376\377\0005\000.\0001\0000\0002\000\040\000L\000o\000c\000a\000l\000P\000l\000a\000n\000n\000i\000n\000g\000:\000:\000g\000a\000u\000s\000s\000C\000o\000n\000v\000e\000r\000t\000P\000a\000r\000a\000m\176\323\147\204\117\123\000\040\123\302\200\003}{chapter.5}% 189
\BOOKMARK [1][-]{section.5.103}{\376\377\0005\000.\0001\0000\0003\000\040\000L\000o\000c\000a\000l\000P\000l\000a\000n\000n\000i\000n\000g\000:\000:\000g\000e\000n\000e\000r\000a\000t\000e\000B\000e\000z\000i\000e\000r\000P\000a\000t\000h\000I\000n\000F\000r\000e\000n\000e\000t\000I\000n\000p\000u\000t\176\323\147\204\117\123\000\040\123\302\200\003}{chapter.5}% 190
\BOOKMARK [1][-]{section.5.104}{\376\377\0005\000.\0001\0000\0004\000\040\000L\000o\000c\000a\000l\000P\000l\000a\000n\000n\000i\000n\000g\000:\000:\000g\000e\000n\000e\000r\000a\000t\000e\000B\000e\000z\000i\000e\000r\000P\000a\000t\000h\000I\000n\000F\000r\000e\000n\000e\000t\000O\000u\000t\000p\000u\000t\176\323\147\204\117\123\000\040\123\302\200\003}{chapter.5}% 191
\BOOKMARK [1][-]{section.5.105}{\376\377\0005\000.\0001\0000\0005\000\040\000L\000o\000c\000a\000l\000P\000l\000a\000n\000n\000i\000n\000g\000:\000:\000g\000e\000n\000e\000r\000a\000t\000e\000B\000e\000z\000i\000e\000r\000P\000a\000t\000h\000I\000n\000F\000r\000e\000n\000e\000t\000P\000a\000r\000a\000m\176\323\147\204\117\123\000\040\123\302\200\003}{chapter.5}% 192
\BOOKMARK [1][-]{section.5.106}{\376\377\0005\000.\0001\0000\0006\000\040\000L\000o\000c\000a\000l\000P\000l\000a\000n\000n\000i\000n\000g\000:\000:\000g\000e\000n\000e\000r\000a\000t\000e\000B\000e\000z\000i\000e\000r\000P\000a\000t\000h\000L\000i\000s\000t\000I\000n\000F\000r\000e\000n\000e\000t\000I\000n\000p\000u\000t\176\323\147\204\117\123\000\040\123\302\200\003}{chapter.5}% 193
\BOOKMARK [1][-]{section.5.107}{\376\377\0005\000.\0001\0000\0007\000\040\000L\000o\000c\000a\000l\000P\000l\000a\000n\000n\000i\000n\000g\000:\000:\000g\000e\000n\000e\000r\000a\000t\000e\000B\000e\000z\000i\000e\000r\000P\000a\000t\000h\000L\000i\000s\000t\000I\000n\000F\000r\000e\000n\000e\000t\000O\000u\000t\000p\000u\000t\176\323\147\204\117\123\000\040\123\302\200\003}{chapter.5}% 194
\BOOKMARK [1][-]{section.5.108}{\376\377\0005\000.\0001\0000\0008\000\040\000L\000o\000c\000a\000l\000P\000l\000a\000n\000n\000i\000n\000g\000:\000:\000g\000e\000n\000e\000r\000a\000t\000e\000B\000e\000z\000i\000e\000r\000P\000a\000t\000h\000L\000i\000s\000t\000I\000n\000F\000r\000e\000n\000e\000t\000P\000a\000r\000a\000m\176\323\147\204\117\123\000\040\123\302\200\003}{chapter.5}% 195
\BOOKMARK [1][-]{section.5.109}{\376\377\0005\000.\0001\0000\0009\000\040\000L\000o\000c\000a\000l\000P\000l\000a\000n\000n\000i\000n\000g\000:\000:\000g\000e\000n\000e\000r\000a\000t\000e\000S\000e\000g\000m\000e\000n\000t\000e\000d\000B\000e\000z\000i\000e\000r\000P\000a\000t\000h\000L\000i\000s\000t\000I\000n\000F\000r\000e\000n\000e\000t\000I\000n\000p\000u\000t\176\323\147\204\117\123\000\040\123\302\200\003}{chapter.5}% 196
\BOOKMARK [1][-]{section.5.110}{\376\377\0005\000.\0001\0001\0000\000\040\000L\000o\000c\000a\000l\000P\000l\000a\000n\000n\000i\000n\000g\000:\000:\000g\000e\000n\000e\000r\000a\000t\000e\000S\000e\000g\000m\000e\000n\000t\000e\000d\000B\000e\000z\000i\000e\000r\000P\000a\000t\000h\000L\000i\000s\000t\000I\000n\000F\000r\000e\000n\000e\000t\000O\000u\000t\000p\000u\000t\176\323\147\204\117\123\000\040\123\302\200\003}{chapter.5}% 197
\BOOKMARK [1][-]{section.5.111}{\376\377\0005\000.\0001\0001\0001\000\040\000L\000o\000c\000a\000l\000P\000l\000a\000n\000n\000i\000n\000g\000:\000:\000g\000e\000n\000e\000r\000a\000t\000e\000S\000e\000g\000m\000e\000n\000t\000e\000d\000B\000e\000z\000i\000e\000r\000P\000a\000t\000h\000L\000i\000s\000t\000I\000n\000F\000r\000e\000n\000e\000t\000P\000a\000r\000a\000m\176\323\147\204\117\123\000\040\123\302\200\003}{chapter.5}% 198
\BOOKMARK [1][-]{section.5.112}{\376\377\0005\000.\0001\0001\0002\000\040\000L\000o\000c\000a\000l\000P\000l\000a\000n\000n\000i\000n\000g\000:\000:\000g\000e\000n\000e\000r\000a\000t\000e\000S\000p\000e\000e\000d\000L\000i\000s\000t\000I\000n\000p\000u\000t\176\323\147\204\117\123\000\040\123\302\200\003}{chapter.5}% 199
\BOOKMARK [1][-]{section.5.113}{\376\377\0005\000.\0001\0001\0003\000\040\000L\000o\000c\000a\000l\000P\000l\000a\000n\000n\000i\000n\000g\000:\000:\000g\000e\000n\000e\000r\000a\000t\000e\000S\000p\000e\000e\000d\000L\000i\000s\000t\000O\000u\000t\000p\000u\000t\176\323\147\204\117\123\000\040\123\302\200\003}{chapter.5}% 200
\BOOKMARK [1][-]{section.5.114}{\376\377\0005\000.\0001\0001\0004\000\040\000L\000o\000c\000a\000l\000P\000l\000a\000n\000n\000i\000n\000g\000:\000:\000g\000e\000n\000e\000r\000a\000t\000e\000S\000p\000e\000e\000d\000L\000i\000s\000t\000P\000a\000r\000a\000m\176\323\147\204\117\123\000\040\123\302\200\003}{chapter.5}% 201
\BOOKMARK [1][-]{section.5.115}{\376\377\0005\000.\0001\0001\0005\000\040\000L\000o\000c\000a\000l\000P\000l\000a\000n\000n\000i\000n\000g\000:\000:\000g\000e\000n\000e\000r\000a\000t\000e\000T\000r\000a\000j\000e\000c\000t\000o\000r\000y\000L\000i\000s\000t\000I\000n\000p\000u\000t\176\323\147\204\117\123\000\040\123\302\200\003}{chapter.5}% 202
\BOOKMARK [1][-]{section.5.116}{\376\377\0005\000.\0001\0001\0006\000\040\000L\000o\000c\000a\000l\000P\000l\000a\000n\000n\000i\000n\000g\000:\000:\000g\000e\000n\000e\000r\000a\000t\000e\000T\000r\000a\000j\000e\000c\000t\000o\000r\000y\000L\000i\000s\000t\000O\000u\000t\000p\000u\000t\176\323\147\204\117\123\000\040\123\302\200\003}{chapter.5}% 203
\BOOKMARK [1][-]{section.5.117}{\376\377\0005\000.\0001\0001\0007\000\040\000L\000o\000c\000a\000l\000P\000l\000a\000n\000n\000i\000n\000g\000:\000:\000g\000e\000n\000e\000r\000a\000t\000e\000T\000r\000a\000j\000e\000c\000t\000o\000r\000y\000L\000i\000s\000t\000P\000a\000r\000a\000m\176\323\147\204\117\123\000\040\123\302\200\003}{chapter.5}% 204
\BOOKMARK [1][-]{section.5.118}{\376\377\0005\000.\0001\0001\0008\000\040\000L\000o\000c\000a\000l\000P\000l\000a\000n\000n\000i\000n\000g\000:\000:\000g\000e\000t\000A\000n\000g\000l\000e\000D\000i\000f\000f\000I\000n\000p\000u\000t\176\323\147\204\117\123\000\040\123\302\200\003}{chapter.5}% 205
\BOOKMARK [1][-]{section.5.119}{\376\377\0005\000.\0001\0001\0009\000\040\000L\000o\000c\000a\000l\000P\000l\000a\000n\000n\000i\000n\000g\000:\000:\000g\000e\000t\000A\000n\000g\000l\000e\000D\000i\000f\000f\000O\000u\000t\000p\000u\000t\176\323\147\204\117\123\000\040\123\302\200\003}{chapter.5}% 206
\BOOKMARK [1][-]{section.5.120}{\376\377\0005\000.\0001\0002\0000\000\040\000L\000o\000c\000a\000l\000P\000l\000a\000n\000n\000i\000n\000g\000:\000:\000g\000e\000t\000A\000n\000g\000l\000e\000D\000i\000f\000f\000P\000a\000r\000a\000m\176\323\147\204\117\123\000\040\123\302\200\003}{chapter.5}% 207
\BOOKMARK [1][-]{section.5.121}{\376\377\0005\000.\0001\0002\0001\000\040\000L\000o\000c\000a\000l\000P\000l\000a\000n\000n\000i\000n\000g\000:\000:\000g\000e\000t\000A\000n\000g\000l\000e\000I\000n\000p\000u\000t\176\323\147\204\117\123\000\040\123\302\200\003}{chapter.5}% 208
\BOOKMARK [1][-]{section.5.122}{\376\377\0005\000.\0001\0002\0002\000\040\000L\000o\000c\000a\000l\000P\000l\000a\000n\000n\000i\000n\000g\000:\000:\000g\000e\000t\000A\000n\000g\000l\000e\000O\000u\000t\000p\000u\000t\176\323\147\204\117\123\000\040\123\302\200\003}{chapter.5}% 209
\BOOKMARK [1][-]{section.5.123}{\376\377\0005\000.\0001\0002\0003\000\040\000L\000o\000c\000a\000l\000P\000l\000a\000n\000n\000i\000n\000g\000:\000:\000g\000e\000t\000A\000n\000g\000l\000e\000P\000a\000r\000a\000m\176\323\147\204\117\123\000\040\123\302\200\003}{chapter.5}% 210
\BOOKMARK [1][-]{section.5.124}{\376\377\0005\000.\0001\0002\0004\000\040\000L\000o\000c\000a\000l\000P\000l\000a\000n\000n\000i\000n\000g\000:\000:\000g\000e\000t\000C\000u\000r\000r\000e\000n\000t\000P\000o\000s\000i\000t\000i\000o\000n\000I\000n\000p\000u\000t\176\323\147\204\117\123\000\040\123\302\200\003}{chapter.5}% 211
\BOOKMARK [1][-]{section.5.125}{\376\377\0005\000.\0001\0002\0005\000\040\000L\000o\000c\000a\000l\000P\000l\000a\000n\000n\000i\000n\000g\000:\000:\000g\000e\000t\000C\000u\000r\000r\000e\000n\000t\000P\000o\000s\000i\000t\000i\000o\000n\000O\000u\000t\000p\000u\000t\176\323\147\204\117\123\000\040\123\302\200\003}{chapter.5}% 212
\BOOKMARK [1][-]{section.5.126}{\376\377\0005\000.\0001\0002\0006\000\040\000L\000o\000c\000a\000l\000P\000l\000a\000n\000n\000i\000n\000g\000:\000:\000g\000e\000t\000C\000u\000r\000r\000e\000n\000t\000P\000o\000s\000i\000t\000i\000o\000n\000P\000a\000r\000a\000m\176\323\147\204\117\123\000\040\123\302\200\003}{chapter.5}% 213
\BOOKMARK [1][-]{section.5.127}{\376\377\0005\000.\0001\0002\0007\000\040\000L\000o\000c\000a\000l\000P\000l\000a\000n\000n\000i\000n\000g\000:\000:\000g\000e\000t\000D\000i\000s\000t\000a\000n\000c\000e\000I\000n\000p\000u\000t\176\323\147\204\117\123\000\040\123\302\200\003}{chapter.5}% 214
\BOOKMARK [1][-]{section.5.128}{\376\377\0005\000.\0001\0002\0008\000\040\000L\000o\000c\000a\000l\000P\000l\000a\000n\000n\000i\000n\000g\000:\000:\000g\000e\000t\000D\000i\000s\000t\000a\000n\000c\000e\000O\000u\000t\000p\000u\000t\176\323\147\204\117\123\000\040\123\302\200\003}{chapter.5}% 215
\BOOKMARK [1][-]{section.5.129}{\376\377\0005\000.\0001\0002\0009\000\040\000L\000o\000c\000a\000l\000P\000l\000a\000n\000n\000i\000n\000g\000:\000:\000g\000e\000t\000D\000i\000s\000t\000a\000n\000c\000e\000P\000a\000r\000a\000m\176\323\147\204\117\123\000\040\123\302\200\003}{chapter.5}% 216
\BOOKMARK [1][-]{section.5.130}{\376\377\0005\000.\0001\0003\0000\000\040\000L\000o\000c\000a\000l\000P\000l\000a\000n\000n\000i\000n\000g\000:\000:\000g\000e\000t\000F\000r\000e\000n\000e\000t\000L\000o\000c\000a\000t\000i\000o\000n\000P\000o\000i\000n\000t\000I\000n\000p\000u\000t\176\323\147\204\117\123\000\040\123\302\200\003}{chapter.5}% 217
\BOOKMARK [1][-]{section.5.131}{\376\377\0005\000.\0001\0003\0001\000\040\000L\000o\000c\000a\000l\000P\000l\000a\000n\000n\000i\000n\000g\000:\000:\000g\000e\000t\000F\000r\000e\000n\000e\000t\000L\000o\000c\000a\000t\000i\000o\000n\000P\000o\000i\000n\000t\000O\000u\000t\000p\000u\000t\176\323\147\204\117\123\000\040\123\302\200\003}{chapter.5}% 218
\BOOKMARK [1][-]{section.5.132}{\376\377\0005\000.\0001\0003\0002\000\040\000L\000o\000c\000a\000l\000P\000l\000a\000n\000n\000i\000n\000g\000:\000:\000g\000e\000t\000F\000r\000e\000n\000e\000t\000L\000o\000c\000a\000t\000i\000o\000n\000P\000o\000i\000n\000t\000P\000a\000r\000a\000m\176\323\147\204\117\123\000\040\123\302\200\003}{chapter.5}% 219
\BOOKMARK [1][-]{section.5.133}{\376\377\0005\000.\0001\0003\0003\000\040\000L\000o\000c\000a\000l\000P\000l\000a\000n\000n\000i\000n\000g\000:\000:\000g\000e\000t\000M\000i\000n\000D\000i\000s\000t\000a\000n\000c\000e\000O\000f\000P\000o\000i\000n\000t\000I\000n\000p\000u\000t\176\323\147\204\117\123\000\040\123\302\200\003}{chapter.5}% 220
\BOOKMARK [1][-]{section.5.134}{\376\377\0005\000.\0001\0003\0004\000\040\000L\000o\000c\000a\000l\000P\000l\000a\000n\000n\000i\000n\000g\000:\000:\000g\000e\000t\000M\000i\000n\000D\000i\000s\000t\000a\000n\000c\000e\000O\000f\000P\000o\000i\000n\000t\000O\000u\000t\000p\000u\000t\176\323\147\204\117\123\000\040\123\302\200\003}{chapter.5}% 221
\BOOKMARK [1][-]{section.5.135}{\376\377\0005\000.\0001\0003\0005\000\040\000L\000o\000c\000a\000l\000P\000l\000a\000n\000n\000i\000n\000g\000:\000:\000g\000e\000t\000M\000i\000n\000D\000i\000s\000t\000a\000n\000c\000e\000O\000f\000P\000o\000i\000n\000t\000P\000a\000r\000a\000m\176\323\147\204\117\123\000\040\123\302\200\003}{chapter.5}% 222
\BOOKMARK [1][-]{section.5.136}{\376\377\0005\000.\0001\0003\0006\000\040\000L\000o\000c\000a\000l\000P\000l\000a\000n\000n\000i\000n\000g\000:\000:\000g\000e\000t\000N\000e\000x\000t\000R\000o\000a\000d\000L\000a\000n\000e\000I\000d\000I\000n\000p\000u\000t\176\323\147\204\117\123\000\040\123\302\200\003}{chapter.5}% 223
\BOOKMARK [1][-]{section.5.137}{\376\377\0005\000.\0001\0003\0007\000\040\000L\000o\000c\000a\000l\000P\000l\000a\000n\000n\000i\000n\000g\000:\000:\000g\000e\000t\000N\000e\000x\000t\000R\000o\000a\000d\000L\000a\000n\000e\000I\000d\000O\000u\000t\000p\000u\000t\176\323\147\204\117\123\000\040\123\302\200\003}{chapter.5}% 224
\BOOKMARK [1][-]{section.5.138}{\376\377\0005\000.\0001\0003\0008\000\040\000L\000o\000c\000a\000l\000P\000l\000a\000n\000n\000i\000n\000g\000:\000:\000g\000e\000t\000N\000e\000x\000t\000R\000o\000a\000d\000L\000a\000n\000e\000I\000d\000P\000a\000r\000a\000m\176\323\147\204\117\123\000\040\123\302\200\003}{chapter.5}% 225
\BOOKMARK [1][-]{section.5.139}{\376\377\0005\000.\0001\0003\0009\000\040\000L\000o\000c\000a\000l\000P\000l\000a\000n\000n\000i\000n\000g\000:\000:\000g\000e\000t\000O\000p\000t\000i\000m\000a\000l\000T\000r\000a\000j\000e\000c\000t\000o\000r\000y\000I\000n\000d\000e\000x\000I\000n\000p\000u\000t\176\323\147\204\117\123\000\040\123\302\200\003}{chapter.5}% 226
\BOOKMARK [1][-]{section.5.140}{\376\377\0005\000.\0001\0004\0000\000\040\000L\000o\000c\000a\000l\000P\000l\000a\000n\000n\000i\000n\000g\000:\000:\000g\000e\000t\000O\000p\000t\000i\000m\000a\000l\000T\000r\000a\000j\000e\000c\000t\000o\000r\000y\000I\000n\000d\000e\000x\000O\000u\000t\000p\000u\000t\176\323\147\204\117\123\000\040\123\302\200\003}{chapter.5}% 227
\BOOKMARK [1][-]{section.5.141}{\376\377\0005\000.\0001\0004\0001\000\040\000L\000o\000c\000a\000l\000P\000l\000a\000n\000n\000i\000n\000g\000:\000:\000g\000e\000t\000O\000p\000t\000i\000m\000a\000l\000T\000r\000a\000j\000e\000c\000t\000o\000r\000y\000I\000n\000d\000e\000x\000P\000a\000r\000a\000m\176\323\147\204\117\123\000\040\123\302\200\003}{chapter.5}% 228
\BOOKMARK [1][-]{section.5.142}{\376\377\0005\000.\0001\0004\0002\000\040\000L\000o\000c\000a\000l\000P\000l\000a\000n\000n\000i\000n\000g\000:\000:\000g\000e\000t\000P\000l\000a\000n\000n\000i\000n\000g\000D\000i\000s\000t\000a\000n\000c\000e\000I\000n\000p\000u\000t\176\323\147\204\117\123\000\040\123\302\200\003}{chapter.5}% 229
\BOOKMARK [1][-]{section.5.143}{\376\377\0005\000.\0001\0004\0003\000\040\000L\000o\000c\000a\000l\000P\000l\000a\000n\000n\000i\000n\000g\000:\000:\000g\000e\000t\000P\000l\000a\000n\000n\000i\000n\000g\000D\000i\000s\000t\000a\000n\000c\000e\000O\000u\000t\000p\000u\000t\176\323\147\204\117\123\000\040\123\302\200\003}{chapter.5}% 230
\BOOKMARK [1][-]{section.5.144}{\376\377\0005\000.\0001\0004\0004\000\040\000L\000o\000c\000a\000l\000P\000l\000a\000n\000n\000i\000n\000g\000:\000:\000g\000e\000t\000P\000l\000a\000n\000n\000i\000n\000g\000D\000i\000s\000t\000a\000n\000c\000e\000P\000a\000r\000a\000m\176\323\147\204\117\123\000\040\123\302\200\003}{chapter.5}% 231
\BOOKMARK [1][-]{section.5.145}{\376\377\0005\000.\0001\0004\0005\000\040\000L\000o\000c\000a\000l\000P\000l\000a\000n\000n\000i\000n\000g\000:\000:\000g\000e\000t\000P\000l\000a\000n\000n\000i\000n\000g\000P\000o\000i\000n\000t\000I\000n\000p\000u\000t\176\323\147\204\117\123\000\040\123\302\200\003}{chapter.5}% 232
\BOOKMARK [1][-]{section.5.146}{\376\377\0005\000.\0001\0004\0006\000\040\000L\000o\000c\000a\000l\000P\000l\000a\000n\000n\000i\000n\000g\000:\000:\000g\000e\000t\000P\000l\000a\000n\000n\000i\000n\000g\000P\000o\000i\000n\000t\000O\000u\000t\000p\000u\000t\176\323\147\204\117\123\000\040\123\302\200\003}{chapter.5}% 233
\BOOKMARK [1][-]{section.5.147}{\376\377\0005\000.\0001\0004\0007\000\040\000L\000o\000c\000a\000l\000P\000l\000a\000n\000n\000i\000n\000g\000:\000:\000g\000e\000t\000P\000l\000a\000n\000n\000i\000n\000g\000P\000o\000i\000n\000t\000P\000a\000r\000a\000m\176\323\147\204\117\123\000\040\123\302\200\003}{chapter.5}% 234
\BOOKMARK [1][-]{section.5.148}{\376\377\0005\000.\0001\0004\0008\000\040\000L\000o\000c\000a\000l\000P\000l\000a\000n\000n\000i\000n\000g\000:\000:\000g\000e\000t\000R\000e\000f\000e\000r\000e\000n\000c\000e\000L\000i\000n\000e\000I\000n\000p\000u\000t\176\323\147\204\117\123\000\040\123\302\200\003}{chapter.5}% 235
\BOOKMARK [1][-]{section.5.149}{\376\377\0005\000.\0001\0004\0009\000\040\000L\000o\000c\000a\000l\000P\000l\000a\000n\000n\000i\000n\000g\000:\000:\000g\000e\000t\000R\000e\000f\000e\000r\000e\000n\000c\000e\000L\000i\000n\000e\000O\000u\000t\000p\000u\000t\176\323\147\204\117\123\000\040\123\302\200\003}{chapter.5}% 236
\BOOKMARK [1][-]{section.5.150}{\376\377\0005\000.\0001\0005\0000\000\040\000L\000o\000c\000a\000l\000P\000l\000a\000n\000n\000i\000n\000g\000:\000:\000g\000e\000t\000R\000e\000f\000e\000r\000e\000n\000c\000e\000L\000i\000n\000e\000P\000a\000r\000a\000m\176\323\147\204\117\123\000\040\123\302\200\003}{chapter.5}% 237
\BOOKMARK [1][-]{section.5.151}{\376\377\0005\000.\0001\0005\0001\000\040\000L\000o\000c\000a\000l\000P\000l\000a\000n\000n\000i\000n\000g\000:\000:\000g\000e\000t\000T\000r\000a\000j\000e\000c\000t\000o\000r\000y\000P\000l\000a\000n\000n\000i\000n\000g\000R\000e\000s\000u\000l\000t\000I\000n\000p\000u\000t\176\323\147\204\117\123\000\040\123\302\200\003}{chapter.5}% 238
\BOOKMARK [1][-]{section.5.152}{\376\377\0005\000.\0001\0005\0002\000\040\000L\000o\000c\000a\000l\000P\000l\000a\000n\000n\000i\000n\000g\000:\000:\000g\000e\000t\000T\000r\000a\000j\000e\000c\000t\000o\000r\000y\000P\000l\000a\000n\000n\000i\000n\000g\000R\000e\000s\000u\000l\000t\000O\000u\000t\000p\000u\000t\176\323\147\204\117\123\000\040\123\302\200\003}{chapter.5}% 239
\BOOKMARK [1][-]{section.5.153}{\376\377\0005\000.\0001\0005\0003\000\040\000L\000o\000c\000a\000l\000P\000l\000a\000n\000n\000i\000n\000g\000:\000:\000g\000e\000t\000T\000r\000a\000j\000e\000c\000t\000o\000r\000y\000P\000l\000a\000n\000n\000i\000n\000g\000R\000e\000s\000u\000l\000t\000P\000a\000r\000a\000m\176\323\147\204\117\123\000\040\123\302\200\003}{chapter.5}% 240
\BOOKMARK [1][-]{section.5.154}{\376\377\0005\000.\0001\0005\0004\000\040\000L\000o\000c\000a\000l\000P\000l\000a\000n\000n\000i\000n\000g\000:\000:\000h\000a\000s\000P\000r\000e\000c\000e\000d\000i\000n\000g\000V\000e\000h\000i\000c\000l\000e\000I\000n\000p\000u\000t\176\323\147\204\117\123\000\040\123\302\200\003}{chapter.5}% 241
\BOOKMARK [1][-]{section.5.155}{\376\377\0005\000.\0001\0005\0005\000\040\000L\000o\000c\000a\000l\000P\000l\000a\000n\000n\000i\000n\000g\000:\000:\000h\000a\000s\000P\000r\000e\000c\000e\000d\000i\000n\000g\000V\000e\000h\000i\000c\000l\000e\000O\000u\000t\000p\000u\000t\176\323\147\204\117\123\000\040\123\302\200\003}{chapter.5}% 242
\BOOKMARK [1][-]{section.5.156}{\376\377\0005\000.\0001\0005\0006\000\040\000L\000o\000c\000a\000l\000P\000l\000a\000n\000n\000i\000n\000g\000:\000:\000h\000a\000s\000P\000r\000e\000c\000e\000d\000i\000n\000g\000V\000e\000h\000i\000c\000l\000e\000P\000a\000r\000a\000m\176\323\147\204\117\123\000\040\123\302\200\003}{chapter.5}% 243
\BOOKMARK [1][-]{section.5.157}{\376\377\0005\000.\0001\0005\0007\000\040\000L\000o\000c\000a\000l\000P\000l\000a\000n\000n\000i\000n\000g\000:\000:\000i\000n\000A\000r\000e\000a\000I\000n\000p\000u\000t\176\323\147\204\117\123\000\040\123\302\200\003}{chapter.5}% 244
\BOOKMARK [1][-]{section.5.158}{\376\377\0005\000.\0001\0005\0008\000\040\000L\000o\000c\000a\000l\000P\000l\000a\000n\000n\000i\000n\000g\000:\000:\000i\000n\000A\000r\000e\000a\000O\000u\000t\000p\000u\000t\176\323\147\204\117\123\000\040\123\302\200\003}{chapter.5}% 245
\BOOKMARK [1][-]{section.5.159}{\376\377\0005\000.\0001\0005\0009\000\040\000L\000o\000c\000a\000l\000P\000l\000a\000n\000n\000i\000n\000g\000:\000:\000i\000n\000A\000r\000e\000a\000P\000a\000r\000a\000m\176\323\147\204\117\123\000\040\123\302\200\003}{chapter.5}% 246
\BOOKMARK [1][-]{section.5.160}{\376\377\0005\000.\0001\0006\0000\000\040\000L\000o\000c\000a\000l\000P\000l\000a\000n\000n\000i\000n\000g\000:\000:\000i\000n\000i\000t\000L\000o\000c\000a\000l\000P\000l\000a\000n\000n\000i\000n\000g\000I\000n\000p\000u\000t\176\323\147\204\117\123\000\040\123\302\200\003}{chapter.5}% 247
\BOOKMARK [1][-]{section.5.161}{\376\377\0005\000.\0001\0006\0001\000\040\000L\000o\000c\000a\000l\000P\000l\000a\000n\000n\000i\000n\000g\000:\000:\000i\000n\000i\000t\000L\000o\000c\000a\000l\000P\000l\000a\000n\000n\000i\000n\000g\000O\000u\000t\000p\000u\000t\176\323\147\204\117\123\000\040\123\302\200\003}{chapter.5}% 248
\BOOKMARK [1][-]{section.5.162}{\376\377\0005\000.\0001\0006\0002\000\040\000L\000o\000c\000a\000l\000P\000l\000a\000n\000n\000i\000n\000g\000:\000:\000i\000n\000i\000t\000L\000o\000c\000a\000l\000P\000l\000a\000n\000n\000i\000n\000g\000P\000a\000r\000a\000m\176\323\147\204\117\123\000\040\123\302\200\003}{chapter.5}% 249
\BOOKMARK [1][-]{section.5.163}{\376\377\0005\000.\0001\0006\0003\000\040\000L\000o\000c\000a\000l\000P\000l\000a\000n\000n\000i\000n\000g\000:\000:\000i\000n\000n\000e\000r\000C\000o\000l\000l\000i\000s\000i\000o\000n\000C\000h\000e\000c\000k\000I\000n\000p\000u\000t\176\323\147\204\117\123\000\040\123\302\200\003}{chapter.5}% 250
\BOOKMARK [1][-]{section.5.164}{\376\377\0005\000.\0001\0006\0004\000\040\000L\000o\000c\000a\000l\000P\000l\000a\000n\000n\000i\000n\000g\000:\000:\000i\000n\000n\000e\000r\000C\000o\000l\000l\000i\000s\000i\000o\000n\000C\000h\000e\000c\000k\000O\000u\000t\000p\000u\000t\176\323\147\204\117\123\000\040\123\302\200\003}{chapter.5}% 251
\BOOKMARK [1][-]{section.5.165}{\376\377\0005\000.\0001\0006\0005\000\040\000L\000o\000c\000a\000l\000P\000l\000a\000n\000n\000i\000n\000g\000:\000:\000i\000n\000n\000e\000r\000C\000o\000l\000l\000i\000s\000i\000o\000n\000C\000h\000e\000c\000k\000P\000a\000r\000a\000m\176\323\147\204\117\123\000\040\123\302\200\003}{chapter.5}% 252
\BOOKMARK [1][-]{section.5.166}{\376\377\0005\000.\0001\0006\0006\000\040\000g\000e\000o\000m\000e\000t\000r\000y\000:\000:\000i\000n\000O\000r\000O\000u\000t\000P\000o\000l\000y\000g\000o\000n\000I\000n\000p\000u\000t\176\323\147\204\117\123\000\040\123\302\200\003}{chapter.5}% 253
\BOOKMARK [1][-]{section.5.167}{\376\377\0005\000.\0001\0006\0007\000\040\000g\000e\000o\000m\000e\000t\000r\000y\000:\000:\000i\000n\000O\000r\000O\000u\000t\000P\000o\000l\000y\000g\000o\000n\000O\000u\000t\000p\000u\000t\176\323\147\204\117\123\000\040\123\302\200\003}{chapter.5}% 254
\BOOKMARK [1][-]{section.5.168}{\376\377\0005\000.\0001\0006\0008\000\040\000g\000e\000o\000m\000e\000t\000r\000y\000:\000:\000i\000n\000O\000r\000O\000u\000t\000P\000o\000l\000y\000g\000o\000n\000P\000a\000r\000a\000m\176\323\147\204\117\123\000\040\123\302\200\003}{chapter.5}% 255
\BOOKMARK [1][-]{section.5.169}{\376\377\0005\000.\0001\0006\0009\000\040\000i\000n\000t\000e\000r\000p\000\137\000m\000:\000:\000i\000n\000t\000e\000r\000p\000C\000o\000n\000s\000t\000A\000c\000c\000I\000n\000p\000u\000t\176\323\147\204\117\123\000\040\123\302\200\003}{chapter.5}% 256
\BOOKMARK [1][-]{section.5.170}{\376\377\0005\000.\0001\0007\0000\000\040\000i\000n\000t\000e\000r\000p\000\137\000m\000:\000:\000i\000n\000t\000e\000r\000p\000C\000o\000n\000s\000t\000A\000c\000c\000O\000u\000t\000p\000u\000t\176\323\147\204\117\123\000\040\123\302\200\003}{chapter.5}% 257
\BOOKMARK [1][-]{section.5.171}{\376\377\0005\000.\0001\0007\0001\000\040\000i\000n\000t\000e\000r\000p\000\137\000m\000:\000:\000i\000n\000t\000e\000r\000p\000C\000o\000n\000s\000t\000A\000c\000c\000P\000a\000r\000a\000m\176\323\147\204\117\123\000\040\123\302\200\003}{chapter.5}% 258
\BOOKMARK [1][-]{section.5.172}{\376\377\0005\000.\0001\0007\0002\000\040\000i\000n\000t\000e\000r\000p\000\137\000m\000:\000:\000i\000n\000t\000e\000r\000p\000L\000i\000n\000e\000a\000r\000I\000n\000p\000u\000t\176\323\147\204\117\123\000\040\123\302\200\003}{chapter.5}% 259
\BOOKMARK [1][-]{section.5.173}{\376\377\0005\000.\0001\0007\0003\000\040\000i\000n\000t\000e\000r\000p\000\137\000m\000:\000:\000i\000n\000t\000e\000r\000p\000L\000i\000n\000e\000a\000r\000O\000u\000t\000p\000u\000t\176\323\147\204\117\123\000\040\123\302\200\003}{chapter.5}% 260
\BOOKMARK [1][-]{section.5.174}{\376\377\0005\000.\0001\0007\0004\000\040\000i\000n\000t\000e\000r\000p\000\137\000m\000:\000:\000i\000n\000t\000e\000r\000p\000L\000i\000n\000e\000a\000r\000P\000a\000r\000a\000m\176\323\147\204\117\123\000\040\123\302\200\003}{chapter.5}% 261
\BOOKMARK [1][-]{section.5.175}{\376\377\0005\000.\0001\0007\0005\000\040\000g\000e\000o\000m\000e\000t\000r\000y\000:\000:\000i\000s\000I\000n\000S\000i\000m\000p\000l\000e\000I\000n\000p\000u\000t\176\323\147\204\117\123\000\040\123\302\200\003}{chapter.5}% 262
\BOOKMARK [1][-]{section.5.176}{\376\377\0005\000.\0001\0007\0006\000\040\000g\000e\000o\000m\000e\000t\000r\000y\000:\000:\000i\000s\000I\000n\000S\000i\000m\000p\000l\000e\000O\000u\000t\000p\000u\000t\176\323\147\204\117\123\000\040\123\302\200\003}{chapter.5}% 263
\BOOKMARK [1][-]{section.5.177}{\376\377\0005\000.\0001\0007\0007\000\040\000g\000e\000o\000m\000e\000t\000r\000y\000:\000:\000i\000s\000I\000n\000S\000i\000m\000p\000l\000e\000P\000a\000r\000a\000m\176\323\147\204\117\123\000\040\123\302\200\003}{chapter.5}% 264
\BOOKMARK [1][-]{section.5.178}{\376\377\0005\000.\0001\0007\0008\000\040\000g\000e\000o\000m\000e\000t\000r\000y\000:\000:\000i\000s\000L\000i\000n\000e\000I\000n\000t\000e\000r\000s\000e\000c\000t\000i\000o\000n\000I\000n\000p\000u\000t\176\323\147\204\117\123\000\040\123\302\200\003}{chapter.5}% 265
\BOOKMARK [1][-]{section.5.179}{\376\377\0005\000.\0001\0007\0009\000\040\000g\000e\000o\000m\000e\000t\000r\000y\000:\000:\000i\000s\000L\000i\000n\000e\000I\000n\000t\000e\000r\000s\000e\000c\000t\000i\000o\000n\000O\000u\000t\000p\000u\000t\176\323\147\204\117\123\000\040\123\302\200\003}{chapter.5}% 266
\BOOKMARK [1][-]{section.5.180}{\376\377\0005\000.\0001\0008\0000\000\040\000g\000e\000o\000m\000e\000t\000r\000y\000:\000:\000i\000s\000L\000i\000n\000e\000I\000n\000t\000e\000r\000s\000e\000c\000t\000i\000o\000n\000P\000a\000r\000a\000m\176\323\147\204\117\123\000\040\123\302\200\003}{chapter.5}% 267
\BOOKMARK [1][-]{section.5.181}{\376\377\0005\000.\0001\0008\0001\000\040\000g\000e\000o\000m\000e\000t\000r\000y\000:\000:\000i\000s\000O\000n\000l\000i\000n\000e\000I\000n\000p\000u\000t\176\323\147\204\117\123\000\040\123\302\200\003}{chapter.5}% 268
\BOOKMARK [1][-]{section.5.182}{\376\377\0005\000.\0001\0008\0002\000\040\000g\000e\000o\000m\000e\000t\000r\000y\000:\000:\000i\000s\000O\000n\000l\000i\000n\000e\000O\000u\000t\000p\000u\000t\176\323\147\204\117\123\000\040\123\302\200\003}{chapter.5}% 269
\BOOKMARK [1][-]{section.5.183}{\376\377\0005\000.\0001\0008\0003\000\040\000g\000e\000o\000m\000e\000t\000r\000y\000:\000:\000i\000s\000O\000n\000l\000i\000n\000e\000P\000a\000r\000a\000m\176\323\147\204\117\123\000\040\123\302\200\003}{chapter.5}% 270
\BOOKMARK [1][-]{section.5.184}{\376\377\0005\000.\0001\0008\0004\000\040\000g\000e\000o\000m\000e\000t\000r\000y\000:\000:\000i\000s\000P\000o\000i\000n\000t\000I\000n\000P\000o\000l\000y\000g\000o\000n\000I\000n\000p\000u\000t\176\323\147\204\117\123\000\040\123\302\200\003}{chapter.5}% 271
\BOOKMARK [1][-]{section.5.185}{\376\377\0005\000.\0001\0008\0005\000\040\000g\000e\000o\000m\000e\000t\000r\000y\000:\000:\000i\000s\000P\000o\000i\000n\000t\000I\000n\000P\000o\000l\000y\000g\000o\000n\000O\000u\000t\000p\000u\000t\176\323\147\204\117\123\000\040\123\302\200\003}{chapter.5}% 272
\BOOKMARK [1][-]{section.5.186}{\376\377\0005\000.\0001\0008\0006\000\040\000g\000e\000o\000m\000e\000t\000r\000y\000:\000:\000i\000s\000P\000o\000i\000n\000t\000I\000n\000P\000o\000l\000y\000g\000o\000n\000P\000a\000r\000a\000m\176\323\147\204\117\123\000\040\123\302\200\003}{chapter.5}% 273
\BOOKMARK [1][-]{section.5.187}{\376\377\0005\000.\0001\0008\0007\000\040\000g\000e\000o\000m\000e\000t\000r\000y\000:\000:\000i\000s\000P\000o\000l\000y\000g\000o\000n\000s\000I\000n\000t\000e\000r\000s\000e\000c\000t\000i\000o\000n\000I\000n\000p\000u\000t\176\323\147\204\117\123\000\040\123\302\200\003}{chapter.5}% 274
\BOOKMARK [1][-]{section.5.188}{\376\377\0005\000.\0001\0008\0008\000\040\000g\000e\000o\000m\000e\000t\000r\000y\000:\000:\000i\000s\000P\000o\000l\000y\000g\000o\000n\000s\000I\000n\000t\000e\000r\000s\000e\000c\000t\000i\000o\000n\000O\000u\000t\000p\000u\000t\176\323\147\204\117\123\000\040\123\302\200\003}{chapter.5}% 275
\BOOKMARK [1][-]{section.5.189}{\376\377\0005\000.\0001\0008\0009\000\040\000g\000e\000o\000m\000e\000t\000r\000y\000:\000:\000i\000s\000P\000o\000l\000y\000g\000o\000n\000s\000I\000n\000t\000e\000r\000s\000e\000c\000t\000i\000o\000n\000P\000a\000r\000a\000m\176\323\147\204\117\123\000\040\123\302\200\003}{chapter.5}% 276
\BOOKMARK [1][-]{section.5.190}{\376\377\0005\000.\0001\0009\0000\000\040\000J\000o\000b\000s\174\173\000\040\123\302\200\003}{chapter.5}% 277
\BOOKMARK [1][-]{section.5.191}{\376\377\0005\000.\0001\0009\0001\000\040\000L\000o\000c\000a\000l\000P\000l\000a\000n\000n\000i\000n\000g\000:\000:\000l\000i\000m\000i\000t\000P\000l\000a\000n\000n\000i\000n\000g\000D\000i\000s\000t\000a\000n\000c\000e\000I\000n\000p\000u\000t\176\323\147\204\117\123\000\040\123\302\200\003}{chapter.5}% 278
\BOOKMARK [1][-]{section.5.192}{\376\377\0005\000.\0001\0009\0002\000\040\000L\000o\000c\000a\000l\000P\000l\000a\000n\000n\000i\000n\000g\000:\000:\000l\000i\000m\000i\000t\000P\000l\000a\000n\000n\000i\000n\000g\000D\000i\000s\000t\000a\000n\000c\000e\000O\000u\000t\000p\000u\000t\176\323\147\204\117\123\000\040\123\302\200\003}{chapter.5}% 279
\BOOKMARK [1][-]{section.5.193}{\376\377\0005\000.\0001\0009\0003\000\040\000L\000o\000c\000a\000l\000P\000l\000a\000n\000n\000i\000n\000g\000:\000:\000l\000i\000m\000i\000t\000P\000l\000a\000n\000n\000i\000n\000g\000D\000i\000s\000t\000a\000n\000c\000e\000P\000a\000r\000a\000m\176\323\147\204\117\123\000\040\123\302\200\003}{chapter.5}% 280
\BOOKMARK [1][-]{section.5.194}{\376\377\0005\000.\0001\0009\0004\000\040\000L\000o\000c\000a\000l\000P\000l\000a\000n\000n\000i\000n\000g\000:\000:\000l\000o\000a\000d\000S\000t\000o\000p\000P\000o\000i\000n\000t\000s\000F\000r\000o\000m\000Y\000a\000m\000l\000I\000n\000p\000u\000t\176\323\147\204\117\123\000\040\123\302\200\003}{chapter.5}% 281
\BOOKMARK [1][-]{section.5.195}{\376\377\0005\000.\0001\0009\0005\000\040\000L\000o\000c\000a\000l\000P\000l\000a\000n\000n\000i\000n\000g\000:\000:\000l\000o\000a\000d\000S\000t\000o\000p\000P\000o\000i\000n\000t\000s\000F\000r\000o\000m\000Y\000a\000m\000l\000O\000u\000t\000p\000u\000t\176\323\147\204\117\123\000\040\123\302\200\003}{chapter.5}% 282
\BOOKMARK [1][-]{section.5.196}{\376\377\0005\000.\0001\0009\0006\000\040\000L\000o\000c\000a\000l\000P\000l\000a\000n\000n\000i\000n\000g\000:\000:\000l\000o\000a\000d\000S\000t\000o\000p\000P\000o\000i\000n\000t\000s\000F\000r\000o\000m\000Y\000a\000m\000l\000P\000a\000r\000a\000m\176\323\147\204\117\123\000\040\123\302\200\003}{chapter.5}% 283
\BOOKMARK [1][-]{section.5.197}{\376\377\0005\000.\0001\0009\0007\000\040\000L\000o\000c\000a\000l\000P\000l\000a\000n\000n\000i\000n\000g\000:\000:\000l\000o\000a\000d\000S\000t\000o\000p\000P\000o\000i\000n\000t\000s\000I\000n\000p\000u\000t\176\323\147\204\117\123\000\040\123\302\200\003}{chapter.5}% 284
\BOOKMARK [1][-]{section.5.198}{\376\377\0005\000.\0001\0009\0008\000\040\000L\000o\000c\000a\000l\000P\000l\000a\000n\000n\000i\000n\000g\000:\000:\000l\000o\000a\000d\000S\000t\000o\000p\000P\000o\000i\000n\000t\000s\000O\000u\000t\000p\000u\000t\176\323\147\204\117\123\000\040\123\302\200\003}{chapter.5}% 285
\BOOKMARK [1][-]{section.5.199}{\376\377\0005\000.\0001\0009\0009\000\040\000L\000o\000c\000a\000l\000P\000l\000a\000n\000n\000i\000n\000g\000:\000:\000l\000o\000a\000d\000S\000t\000o\000p\000P\000o\000i\000n\000t\000s\000P\000a\000r\000a\000m\176\323\147\204\117\123\000\040\123\302\200\003}{chapter.5}% 286
\BOOKMARK [1][-]{section.5.200}{\376\377\0005\000.\0002\0000\0000\000\040\000G\000o\000l\000b\000a\000l\000P\000l\000a\000n\000n\000i\000n\000g\000:\000:\000n\000o\000d\000e\174\173\000\040\123\302\200\003}{chapter.5}% 287
\BOOKMARK [1][-]{section.5.201}{\376\377\0005\000.\0002\0000\0001\000\040\000L\000o\000c\000a\000l\000P\000l\000a\000n\000n\000i\000n\000g\000:\000:\000P\000l\000a\000n\000n\000i\000n\000g\000P\000o\000i\000n\000t\176\323\147\204\117\123\000\040\123\302\200\003}{chapter.5}% 288
\BOOKMARK [1][-]{section.5.202}{\376\377\0005\000.\0002\0000\0002\000\040\000L\000o\000c\000a\000l\000P\000l\000a\000n\000n\000i\000n\000g\000:\000:\000P\000l\000a\000n\000n\000i\000n\000g\000T\000r\000a\000j\000e\000c\000t\000o\000r\000y\176\323\147\204\117\123\000\040\123\302\200\003}{chapter.5}% 289
\BOOKMARK [1][-]{section.5.203}{\376\377\0005\000.\0002\0000\0003\000\040\000g\000e\000o\000m\000e\000t\000r\000y\000:\000:\000p\000o\000i\000n\000t\000\137\000t\176\323\147\204\117\123\000\040\123\302\200\003}{chapter.5}% 290
\BOOKMARK [1][-]{section.5.204}{\376\377\0005\000.\0002\0000\0004\000\040\000L\000o\000c\000a\000l\000P\000l\000a\000n\000n\000i\000n\000g\000:\000:\000p\000o\000i\000n\000t\000C\000o\000l\000l\000i\000s\000i\000o\000n\000C\000h\000e\000c\000k\000I\000n\000p\000u\000t\176\323\147\204\117\123\000\040\123\302\200\003}{chapter.5}% 291
\BOOKMARK [1][-]{section.5.205}{\376\377\0005\000.\0002\0000\0005\000\040\000L\000o\000c\000a\000l\000P\000l\000a\000n\000n\000i\000n\000g\000:\000:\000p\000o\000i\000n\000t\000C\000o\000l\000l\000i\000s\000i\000o\000n\000C\000h\000e\000c\000k\000O\000u\000t\000p\000u\000t\176\323\147\204\117\123\000\040\123\302\200\003}{chapter.5}% 292
\BOOKMARK [1][-]{section.5.206}{\376\377\0005\000.\0002\0000\0006\000\040\000L\000o\000c\000a\000l\000P\000l\000a\000n\000n\000i\000n\000g\000:\000:\000p\000o\000i\000n\000t\000C\000o\000l\000l\000i\000s\000i\000o\000n\000C\000h\000e\000c\000k\000P\000a\000r\000a\000m\176\323\147\204\117\123\000\040\123\302\200\003}{chapter.5}% 293
\BOOKMARK [1][-]{section.5.207}{\376\377\0005\000.\0002\0000\0007\000\040\000L\000o\000c\000a\000l\000P\000l\000a\000n\000n\000i\000n\000g\000:\000:\000p\000o\000i\000n\000t\000D\000i\000s\000t\000a\000n\000c\000e\000I\000n\000p\000u\000t\176\323\147\204\117\123\000\040\123\302\200\003}{chapter.5}% 294
\BOOKMARK [1][-]{section.5.208}{\376\377\0005\000.\0002\0000\0008\000\040\000L\000o\000c\000a\000l\000P\000l\000a\000n\000n\000i\000n\000g\000:\000:\000p\000o\000i\000n\000t\000D\000i\000s\000t\000a\000n\000c\000e\000O\000u\000t\000p\000u\000t\176\323\147\204\117\123\000\040\123\302\200\003}{chapter.5}% 295
\BOOKMARK [1][-]{section.5.209}{\376\377\0005\000.\0002\0000\0009\000\040\000L\000o\000c\000a\000l\000P\000l\000a\000n\000n\000i\000n\000g\000:\000:\000p\000o\000i\000n\000t\000D\000i\000s\000t\000a\000n\000c\000e\000P\000a\000r\000a\000m\176\323\147\204\117\123\000\040\123\302\200\003}{chapter.5}% 296
\BOOKMARK [1][-]{section.5.210}{\376\377\0005\000.\0002\0001\0000\000\040\000L\000o\000c\000a\000l\000P\000l\000a\000n\000n\000i\000n\000g\000:\000:\000p\000o\000i\000n\000t\000O\000n\000C\000u\000b\000i\000c\000B\000e\000z\000i\000e\000r\000I\000n\000p\000u\000t\176\323\147\204\117\123\000\040\123\302\200\003}{chapter.5}% 297
\BOOKMARK [1][-]{section.5.211}{\376\377\0005\000.\0002\0001\0001\000\040\000L\000o\000c\000a\000l\000P\000l\000a\000n\000n\000i\000n\000g\000:\000:\000p\000o\000i\000n\000t\000O\000n\000C\000u\000b\000i\000c\000B\000e\000z\000i\000e\000r\000O\000u\000t\000p\000u\000t\176\323\147\204\117\123\000\040\123\302\200\003}{chapter.5}% 298
\BOOKMARK [1][-]{section.5.212}{\376\377\0005\000.\0002\0001\0002\000\040\000L\000o\000c\000a\000l\000P\000l\000a\000n\000n\000i\000n\000g\000:\000:\000p\000o\000i\000n\000t\000O\000n\000C\000u\000b\000i\000c\000B\000e\000z\000i\000e\000r\000P\000a\000r\000a\000m\176\323\147\204\117\123\000\040\123\302\200\003}{chapter.5}% 299
\BOOKMARK [1][-]{section.5.213}{\376\377\0005\000.\0002\0001\0003\000\040\000L\000o\000c\000a\000l\000P\000l\000a\000n\000n\000i\000n\000g\000:\000:\000p\000o\000i\000n\000t\000T\000o\000L\000i\000n\000e\000D\000i\000s\000t\000a\000n\000c\000e\000I\000n\000p\000u\000t\176\323\147\204\117\123\000\040\123\302\200\003}{chapter.5}% 300
\BOOKMARK [1][-]{section.5.214}{\376\377\0005\000.\0002\0001\0004\000\040\000L\000o\000c\000a\000l\000P\000l\000a\000n\000n\000i\000n\000g\000:\000:\000p\000o\000i\000n\000t\000T\000o\000L\000i\000n\000e\000D\000i\000s\000t\000a\000n\000c\000e\000O\000u\000t\000p\000u\000t\176\323\147\204\117\123\000\040\123\302\200\003}{chapter.5}% 301
\BOOKMARK [1][-]{section.5.215}{\376\377\0005\000.\0002\0001\0005\000\040\000L\000o\000c\000a\000l\000P\000l\000a\000n\000n\000i\000n\000g\000:\000:\000p\000o\000i\000n\000t\000T\000o\000L\000i\000n\000e\000D\000i\000s\000t\000a\000n\000c\000e\000P\000a\000r\000a\000m\176\323\147\204\117\123\000\040\123\302\200\003}{chapter.5}% 302
\BOOKMARK [1][-]{section.5.216}{\376\377\0005\000.\0002\0001\0006\000\040\000g\000e\000o\000m\000e\000t\000r\000y\000:\000:\000p\000o\000i\000n\000t\000T\000o\000L\000i\000n\000e\000I\000n\000p\000u\000t\176\323\147\204\117\123\000\040\123\302\200\003}{chapter.5}% 303
\BOOKMARK [1][-]{section.5.217}{\376\377\0005\000.\0002\0001\0007\000\040\000g\000e\000o\000m\000e\000t\000r\000y\000:\000:\000p\000o\000i\000n\000t\000T\000o\000L\000i\000n\000e\000O\000u\000t\000p\000u\000t\176\323\147\204\117\123\000\040\123\302\200\003}{chapter.5}% 304
\BOOKMARK [1][-]{section.5.218}{\376\377\0005\000.\0002\0001\0008\000\040\000g\000e\000o\000m\000e\000t\000r\000y\000:\000:\000p\000o\000i\000n\000t\000T\000o\000L\000i\000n\000e\000P\000a\000r\000a\000m\176\323\147\204\117\123\000\040\123\302\200\003}{chapter.5}% 305
\BOOKMARK [1][-]{section.5.219}{\376\377\0005\000.\0002\0001\0009\000\040\000g\000e\000o\000m\000e\000t\000r\000y\000:\000:\000p\000o\000i\000n\000t\000T\000o\000P\000o\000l\000y\000g\000o\000n\000I\000n\000p\000u\000t\176\323\147\204\117\123\000\040\123\302\200\003}{chapter.5}% 306
\BOOKMARK [1][-]{section.5.220}{\376\377\0005\000.\0002\0002\0000\000\040\000g\000e\000o\000m\000e\000t\000r\000y\000:\000:\000p\000o\000i\000n\000t\000T\000o\000P\000o\000l\000y\000g\000o\000n\000O\000u\000t\000p\000u\000t\176\323\147\204\117\123\000\040\123\302\200\003}{chapter.5}% 307
\BOOKMARK [1][-]{section.5.221}{\376\377\0005\000.\0002\0002\0001\000\040\000g\000e\000o\000m\000e\000t\000r\000y\000:\000:\000p\000o\000i\000n\000t\000T\000o\000P\000o\000l\000y\000g\000o\000n\000P\000a\000r\000a\000m\176\323\147\204\117\123\000\040\123\302\200\003}{chapter.5}% 308
\BOOKMARK [1][-]{section.5.222}{\376\377\0005\000.\0002\0002\0002\000\040\000L\000o\000c\000a\000l\000P\000l\000a\000n\000n\000i\000n\000g\000:\000:\000p\000r\000o\000c\000e\000s\000s\000T\000r\000a\000f\000f\000i\000c\000L\000i\000g\000h\000t\000I\000n\000p\000u\000t\176\323\147\204\117\123\000\040\123\302\200\003}{chapter.5}% 309
\BOOKMARK [1][-]{section.5.223}{\376\377\0005\000.\0002\0002\0003\000\040\000L\000o\000c\000a\000l\000P\000l\000a\000n\000n\000i\000n\000g\000:\000:\000p\000r\000o\000c\000e\000s\000s\000T\000r\000a\000f\000f\000i\000c\000L\000i\000g\000h\000t\000O\000u\000t\000p\000u\000t\176\323\147\204\117\123\000\040\123\302\200\003}{chapter.5}% 310
\BOOKMARK [1][-]{section.5.224}{\376\377\0005\000.\0002\0002\0004\000\040\000L\000o\000c\000a\000l\000P\000l\000a\000n\000n\000i\000n\000g\000:\000:\000p\000r\000o\000c\000e\000s\000s\000T\000r\000a\000f\000f\000i\000c\000L\000i\000g\000h\000t\000P\000a\000r\000a\000m\176\323\147\204\117\123\000\040\123\302\200\003}{chapter.5}% 311
\BOOKMARK [1][-]{section.5.225}{\376\377\0005\000.\0002\0002\0005\000\040\000L\000o\000c\000a\000l\000P\000l\000a\000n\000n\000i\000n\000g\000:\000:\000R\000e\000f\000e\000r\000e\000n\000c\000e\000L\000i\000n\000e\176\323\147\204\117\123\000\040\123\302\200\003}{chapter.5}% 312
\BOOKMARK [1][-]{section.5.226}{\376\377\0005\000.\0002\0002\0006\000\040\000L\000o\000c\000a\000l\000P\000l\000a\000n\000n\000i\000n\000g\000:\000:\000r\000e\000s\000t\000a\000r\000t\000I\000n\000p\000u\000t\176\323\147\204\117\123\000\040\123\302\200\003}{chapter.5}% 313
\BOOKMARK [1][-]{section.5.227}{\376\377\0005\000.\0002\0002\0007\000\040\000L\000o\000c\000a\000l\000P\000l\000a\000n\000n\000i\000n\000g\000:\000:\000r\000e\000s\000t\000a\000r\000t\000O\000u\000t\000p\000u\000t\176\323\147\204\117\123\000\040\123\302\200\003}{chapter.5}% 314
\BOOKMARK [1][-]{section.5.228}{\376\377\0005\000.\0002\0002\0008\000\040\000L\000o\000c\000a\000l\000P\000l\000a\000n\000n\000i\000n\000g\000:\000:\000r\000e\000s\000t\000a\000r\000t\000P\000a\000r\000a\000m\176\323\147\204\117\123\000\040\123\302\200\003}{chapter.5}% 315
\BOOKMARK [1][-]{section.5.229}{\376\377\0005\000.\0002\0002\0009\000\040\000G\000o\000l\000b\000a\000l\000P\000l\000a\000n\000n\000i\000n\000g\000:\000:\000r\000o\000a\000d\176\323\147\204\117\123\000\040\123\302\200\003}{chapter.5}% 316
\BOOKMARK [1][-]{section.5.230}{\376\377\0005\000.\0002\0003\0000\000\040\000L\000o\000c\000a\000l\000P\000l\000a\000n\000n\000i\000n\000g\000:\000:\000s\000t\000o\000p\000I\000n\000p\000u\000t\176\323\147\204\117\123\000\040\123\302\200\003}{chapter.5}% 317
\BOOKMARK [1][-]{section.5.231}{\376\377\0005\000.\0002\0003\0001\000\040\000L\000o\000c\000a\000l\000P\000l\000a\000n\000n\000i\000n\000g\000:\000:\000s\000t\000o\000p\000O\000u\000t\000p\000u\000t\176\323\147\204\117\123\000\040\123\302\200\003}{chapter.5}% 318
\BOOKMARK [1][-]{section.5.232}{\376\377\0005\000.\0002\0003\0002\000\040\000L\000o\000c\000a\000l\000P\000l\000a\000n\000n\000i\000n\000g\000:\000:\000s\000t\000o\000p\000P\000a\000r\000a\000m\176\323\147\204\117\123\000\040\123\302\200\003}{chapter.5}% 319
\BOOKMARK [1][-]{section.5.233}{\376\377\0005\000.\0002\0003\0003\000\040\000L\000o\000c\000a\000l\000P\000l\000a\000n\000n\000i\000n\000g\000:\000:\000s\000t\000o\000p\000P\000o\000i\000n\000t\000J\000u\000d\000g\000e\000I\000n\000p\000u\000t\176\323\147\204\117\123\000\040\123\302\200\003}{chapter.5}% 320
\BOOKMARK [1][-]{section.5.234}{\376\377\0005\000.\0002\0003\0004\000\040\000L\000o\000c\000a\000l\000P\000l\000a\000n\000n\000i\000n\000g\000:\000:\000s\000t\000o\000p\000P\000o\000i\000n\000t\000J\000u\000d\000g\000e\000O\000u\000t\000p\000u\000t\176\323\147\204\117\123\000\040\123\302\200\003}{chapter.5}% 321
\BOOKMARK [1][-]{section.5.235}{\376\377\0005\000.\0002\0003\0005\000\040\000L\000o\000c\000a\000l\000P\000l\000a\000n\000n\000i\000n\000g\000:\000:\000s\000t\000o\000p\000P\000o\000i\000n\000t\000J\000u\000d\000g\000e\000P\000a\000r\000a\000m\176\323\147\204\117\123\000\040\123\302\200\003}{chapter.5}% 322
\BOOKMARK [1][-]{section.5.236}{\376\377\0005\000.\0002\0003\0006\000\040\000L\000o\000c\000a\000l\000P\000l\000a\000n\000n\000i\000n\000g\000:\000:\000t\000r\000a\000j\000e\000c\000t\000o\000r\000y\000C\000o\000l\000l\000i\000s\000i\000o\000n\000C\000h\000e\000c\000k\000I\000n\000p\000u\000t\176\323\147\204\117\123\000\040\123\302\200\003}{chapter.5}% 323
\BOOKMARK [1][-]{section.5.237}{\376\377\0005\000.\0002\0003\0007\000\040\000L\000o\000c\000a\000l\000P\000l\000a\000n\000n\000i\000n\000g\000:\000:\000t\000r\000a\000j\000e\000c\000t\000o\000r\000y\000C\000o\000l\000l\000i\000s\000i\000o\000n\000C\000h\000e\000c\000k\000O\000u\000t\000p\000u\000t\176\323\147\204\117\123\000\040\123\302\200\003}{chapter.5}% 324
\BOOKMARK [1][-]{section.5.238}{\376\377\0005\000.\0002\0003\0008\000\040\000L\000o\000c\000a\000l\000P\000l\000a\000n\000n\000i\000n\000g\000:\000:\000t\000r\000a\000j\000e\000c\000t\000o\000r\000y\000C\000o\000l\000l\000i\000s\000i\000o\000n\000C\000h\000e\000c\000k\000P\000a\000r\000a\000m\176\323\147\204\117\123\000\040\123\302\200\003}{chapter.5}% 325
\BOOKMARK [0][-]{chapter.6}{\376\377\0006\000\040\145\207\116\366\213\364\146\016}{}% 326
\BOOKMARK [1][-]{section.6.1}{\376\377\0006\000.\0001\000\040\000/\000h\000o\000m\000e\000/\000r\000a\000n\000/\000w\000o\000r\000k\000s\000p\000a\000c\000e\000/\000p\000r\000o\000j\000e\000c\000t\000s\000/\000t\000s\000i\000n\000g\000h\000u\000a\000/\000t\000h\000i\000c\000v\000p\000i\000l\000o\000t\000/\000t\000h\000i\000c\000v\000p\000i\000l\000o\000t\000\137\000p\000l\000a\000n\000n\000i\000n\000g\000\137\000m\000o\000d\000u\000l\000/\000p\000l\000a\000n\000n\000i\000n\000g\000F\000i\000g\000u\000r\000e\000/\000s\000r\000c\000/\000g\000e\000o\000m\000e\000t\000r\000y\000\137\000m\000.\000c\000p\000p\000\040\145\207\116\366\123\302\200\003}{chapter.6}% 327
\BOOKMARK [1][-]{section.6.2}{\376\377\0006\000.\0002\000\040\000/\000h\000o\000m\000e\000/\000r\000a\000n\000/\000w\000o\000r\000k\000s\000p\000a\000c\000e\000/\000p\000r\000o\000j\000e\000c\000t\000s\000/\000t\000s\000i\000n\000g\000h\000u\000a\000/\000t\000h\000i\000c\000v\000p\000i\000l\000o\000t\000/\000t\000h\000i\000c\000v\000p\000i\000l\000o\000t\000\137\000p\000l\000a\000n\000n\000i\000n\000g\000\137\000m\000o\000d\000u\000l\000/\000p\000l\000a\000n\000n\000i\000n\000g\000F\000i\000g\000u\000r\000e\000/\000s\000r\000c\000/\000g\000l\000o\000b\000a\000l\000P\000l\000a\000n\000n\000i\000n\000g\000\137\000m\000.\000c\000p\000p\000\040\145\207\116\366\123\302\200\003}{chapter.6}% 328
\BOOKMARK [2][-]{subsection.6.2.1}{\376\377\0006\000.\0002\000.\0001\000\040\213\346\176\306\143\317\217\360}{section.6.2}% 329
\BOOKMARK [1][-]{section.6.3}{\376\377\0006\000.\0003\000\040\000/\000h\000o\000m\000e\000/\000r\000a\000n\000/\000w\000o\000r\000k\000s\000p\000a\000c\000e\000/\000p\000r\000o\000j\000e\000c\000t\000s\000/\000t\000s\000i\000n\000g\000h\000u\000a\000/\000t\000h\000i\000c\000v\000p\000i\000l\000o\000t\000/\000t\000h\000i\000c\000v\000p\000i\000l\000o\000t\000\137\000p\000l\000a\000n\000n\000i\000n\000g\000\137\000m\000o\000d\000u\000l\000/\000p\000l\000a\000n\000n\000i\000n\000g\000F\000i\000g\000u\000r\000e\000/\000s\000r\000c\000/\000i\000n\000t\000e\000r\000p\000o\000l\000a\000t\000e\000\137\000m\000.\000c\000p\000p\000\040\145\207\116\366\123\302\200\003}{chapter.6}% 330
\BOOKMARK [2][-]{subsection.6.3.1}{\376\377\0006\000.\0003\000.\0001\000\040\213\346\176\306\143\317\217\360}{section.6.3}% 331
\BOOKMARK [1][-]{section.6.4}{\376\377\0006\000.\0004\000\040\000/\000h\000o\000m\000e\000/\000r\000a\000n\000/\000w\000o\000r\000k\000s\000p\000a\000c\000e\000/\000p\000r\000o\000j\000e\000c\000t\000s\000/\000t\000s\000i\000n\000g\000h\000u\000a\000/\000t\000h\000i\000c\000v\000p\000i\000l\000o\000t\000/\000t\000h\000i\000c\000v\000p\000i\000l\000o\000t\000\137\000p\000l\000a\000n\000n\000i\000n\000g\000\137\000m\000o\000d\000u\000l\000/\000p\000l\000a\000n\000n\000i\000n\000g\000F\000i\000g\000u\000r\000e\000/\000s\000r\000c\000/\000l\000o\000c\000a\000l\000P\000l\000a\000n\000n\000i\000n\000g\000\137\000m\000.\000c\000p\000p\000\040\145\207\116\366\123\302\200\003}{chapter.6}% 332
\BOOKMARK [2][-]{subsection.6.4.1}{\376\377\0006\000.\0004\000.\0001\000\040\213\346\176\306\143\317\217\360}{section.6.4}% 333
\BOOKMARK [1][-]{section.6.5}{\376\377\0006\000.\0005\000\040\000/\000h\000o\000m\000e\000/\000r\000a\000n\000/\000w\000o\000r\000k\000s\000p\000a\000c\000e\000/\000p\000r\000o\000j\000e\000c\000t\000s\000/\000t\000s\000i\000n\000g\000h\000u\000a\000/\000t\000h\000i\000c\000v\000p\000i\000l\000o\000t\000/\000t\000h\000i\000c\000v\000p\000i\000l\000o\000t\000\137\000p\000l\000a\000n\000n\000i\000n\000g\000\137\000m\000o\000d\000u\000l\000/\000p\000l\000a\000n\000n\000i\000n\000g\000F\000i\000g\000u\000r\000e\000/\000s\000r\000c\000/\000p\000l\000a\000n\000n\000i\000n\000g\000F\000i\000g\000u\000r\000e\000\137\000m\000.\000c\000p\000p\000\040\145\207\116\366\123\302\200\003}{chapter.6}% 334
\BOOKMARK [2][-]{subsection.6.5.1}{\376\377\0006\000.\0005\000.\0001\000\040\213\346\176\306\143\317\217\360}{section.6.5}% 335
\BOOKMARK [0][-]{section*.291}{\376\377\000I\000n\000d\000e\000x}{}% 336
